<?xml version="1.0" encoding="UTF-8"?>
<!-- Generated by org.testng.reporters.JUnitXMLReporter -->
<testsuite ignored="0" hostname="DESKTOP-PJJHB19" failures="1" tests="14" name="EmpTest Cases" time="29.624" errors="0" timestamp="2023-02-05T19:31:32 IST">
  <testcase classname="com.emp.qa.base.TestBase" name="@BeforeMethod initialization" time="4.393">
    <failure type="org.openqa.selenium.WebDriverException" message="target frame detached
  (failed to check if window was closed: disconnected: Unable to receive message from renderer)
  (Session info: chrome=109.0.5414.120)
Build info: version: &amp;apos;4.4.0&amp;apos;, revision: &amp;apos;e5c75ed026a&amp;apos;
System info: host: &amp;apos;DESKTOP-PJJHB19&amp;apos;, ip: &amp;apos;192.168.0.151&amp;apos;, os.name: &amp;apos;Windows 10&amp;apos;, os.arch: &amp;apos;amd64&amp;apos;, os.version: &amp;apos;10.0&amp;apos;, java.version: &amp;apos;17.0.4.1&amp;apos;
Driver info: org.openqa.selenium.chrome.ChromeDriver
Command: [288f6e84db7b5e527b7ddb0ca8f4d914, findElement {using=xpath, value=//input[@id=&amp;apos;password&amp;apos;]}]
Capabilities {acceptInsecureCerts: false, browserName: chrome, browserVersion: 109.0.5414.120, chrome: {chromedriverVersion: 109.0.5414.74 (e7c5703604da..., userDataDir: C:\Program Files (x86)\scop...}, goog:chromeOptions: {debuggerAddress: localhost:62315}, networkConnectionEnabled: false, pageLoadStrategy: normal, platformName: WINDOWS, proxy: Proxy(), se:cdp: ws://localhost:62315/devtoo..., se:cdpVersion: 109.0.5414.120, setWindowRect: true, strictFileInteractability: false, timeouts: {implicit: 0, pageLoad: 300000, script: 30000}, unhandledPromptBehavior: dismiss and notify, webauthn:extension:credBlob: true, webauthn:extension:largeBlob: true, webauthn:virtualAuthenticators: true}
Session ID: 288f6e84db7b5e527b7ddb0ca8f4d914">
      <![CDATA[org.openqa.selenium.WebDriverException: target frame detached
  (failed to check if window was closed: disconnected: Unable to receive message from renderer)
  (Session info: chrome=109.0.5414.120)
Build info: version: '4.4.0', revision: 'e5c75ed026a'
System info: host: 'DESKTOP-PJJHB19', ip: '192.168.0.151', os.name: 'Windows 10', os.arch: 'amd64', os.version: '10.0', java.version: '17.0.4.1'
Driver info: org.openqa.selenium.chrome.ChromeDriver
Command: [288f6e84db7b5e527b7ddb0ca8f4d914, findElement {using=xpath, value=//input[@id='password']}]
Capabilities {acceptInsecureCerts: false, browserName: chrome, browserVersion: 109.0.5414.120, chrome: {chromedriverVersion: 109.0.5414.74 (e7c5703604da..., userDataDir: C:\Program Files (x86)\scop...}, goog:chromeOptions: {debuggerAddress: localhost:62315}, networkConnectionEnabled: false, pageLoadStrategy: normal, platformName: WINDOWS, proxy: Proxy(), se:cdp: ws://localhost:62315/devtoo..., se:cdpVersion: 109.0.5414.120, setWindowRect: true, strictFileInteractability: false, timeouts: {implicit: 0, pageLoad: 300000, script: 30000}, unhandledPromptBehavior: dismiss and notify, webauthn:extension:credBlob: true, webauthn:extension:largeBlob: true, webauthn:virtualAuthenticators: true}
Session ID: 288f6e84db7b5e527b7ddb0ca8f4d914
at org.openqa.selenium.remote.codec.w3c.W3CHttpResponseCodec.createException(W3CHttpResponseCodec.java:200)
at org.openqa.selenium.remote.codec.w3c.W3CHttpResponseCodec.decode(W3CHttpResponseCodec.java:133)
at org.openqa.selenium.remote.codec.w3c.W3CHttpResponseCodec.decode(W3CHttpResponseCodec.java:53)
at org.openqa.selenium.remote.HttpCommandExecutor.execute(HttpCommandExecutor.java:184)
at org.openqa.selenium.remote.service.DriverCommandExecutor.invokeExecute(DriverCommandExecutor.java:167)
at org.openqa.selenium.remote.service.DriverCommandExecutor.execute(DriverCommandExecutor.java:142)
at org.openqa.selenium.remote.RemoteWebDriver.execute(RemoteWebDriver.java:547)
at org.openqa.selenium.remote.ElementLocation$ElementFinder$2.findElement(ElementLocation.java:162)
at org.openqa.selenium.remote.ElementLocation.findElement(ElementLocation.java:60)
at org.openqa.selenium.remote.RemoteWebDriver.findElement(RemoteWebDriver.java:365)
at org.openqa.selenium.remote.RemoteWebDriver.findElement(RemoteWebDriver.java:357)
at org.openqa.selenium.support.pagefactory.DefaultElementLocator.findElement(DefaultElementLocator.java:70)
at org.openqa.selenium.support.pagefactory.internal.LocatingElementHandler.invoke(LocatingElementHandler.java:39)
at jdk.proxy2/jdk.proxy2.$Proxy17.sendKeys(Unknown Source)
at com.emp.qa.pages.Admin.LoginPage.login(LoginPage.java:58)
at com.emp.qa.base.TestBase.initialization(TestBase.java:136)
at java.base/java.util.ArrayList.forEach(ArrayList.java:1511)
... Removed 36 stack frames]]>
    </failure>
  </testcase> <!-- @BeforeMethod initialization -->
  <testcase classname="com.emp.qa.base.TestBase" name="@AfterMethod tearDown" time="-1.675605692039E9">
    <skipped/>
  </testcase> <!-- @AfterMethod tearDown -->
  <testcase classname="com.emp.qa.base.TestBase" name="@BeforeMethod initialization" time="-1.675605692052E9">
    <skipped/>
  </testcase> <!-- @BeforeMethod initialization -->
  <testcase classname="com.emp.qa.base.TestBase" name="@AfterMethod tearDown" time="-1.675605692065E9">
    <skipped/>
  </testcase> <!-- @AfterMethod tearDown -->
  <testcase classname="com.emp.qa.base.TestBase" name="@BeforeMethod initialization" time="-1.675605692078E9">
    <skipped/>
  </testcase> <!-- @BeforeMethod initialization -->
  <testcase classname="com.emp.qa.base.TestBase" name="@AfterMethod tearDown" time="-1.675605692104E9">
    <skipped/>
  </testcase> <!-- @AfterMethod tearDown -->
  <testcase classname="com.emp.qa.base.TestBase" name="@BeforeMethod initialization" time="-1.675605692113E9">
    <skipped/>
  </testcase> <!-- @BeforeMethod initialization -->
  <testcase classname="com.emp.qa.base.TestBase" name="@AfterMethod tearDown" time="-1.675605692127E9">
    <skipped/>
  </testcase> <!-- @AfterMethod tearDown -->
  <testcase classname="com.emp.qa.base.TestBase" name="@BeforeMethod initialization" time="-1.675605692138E9">
    <skipped/>
  </testcase> <!-- @BeforeMethod initialization -->
  <testcase classname="com.emp.qa.base.TestBase" name="@AfterMethod tearDown" time="-1.675605692153E9">
    <skipped/>
  </testcase> <!-- @AfterMethod tearDown -->
  <testcase classname="com.emp.qa.base.TestBase" name="@BeforeMethod initialization" time="-1.675605692161E9">
    <skipped/>
  </testcase> <!-- @BeforeMethod initialization -->
  <testcase classname="com.emp.qa.base.TestBase" name="@AfterMethod tearDown" time="-1.675605692186E9">
    <skipped/>
  </testcase> <!-- @AfterMethod tearDown -->
  <testcase classname="com.emp.qa.base.TestBase" name="@BeforeMethod initialization" time="-1.675605692197E9">
    <skipped/>
  </testcase> <!-- @BeforeMethod initialization -->
  <testcase classname="com.emp.qa.base.TestBase" name="@AfterMethod tearDown" time="-1.675605692213E9">
    <skipped/>
  </testcase> <!-- @AfterMethod tearDown -->
  <testcase classname="com.emp.qa.base.TestBase" name="@BeforeMethod initialization" time="-1.675605692222E9">
    <skipped/>
  </testcase> <!-- @BeforeMethod initialization -->
  <testcase classname="com.emp.qa.base.TestBase" name="@AfterMethod tearDown" time="-1.675605692238E9">
    <skipped/>
  </testcase> <!-- @AfterMethod tearDown -->
  <testcase classname="com.emp.qa.base.TestBase" name="@BeforeMethod initialization" time="-1.675605692243E9">
    <skipped/>
  </testcase> <!-- @BeforeMethod initialization -->
  <testcase classname="com.emp.qa.base.TestBase" name="@AfterMethod tearDown" time="-1.675605692255E9">
    <skipped/>
  </testcase> <!-- @AfterMethod tearDown -->
  <testcase classname="com.emp.qa.base.TestBase" name="@BeforeMethod initialization" time="-1.675605692263E9">
    <skipped/>
  </testcase> <!-- @BeforeMethod initialization -->
  <testcase classname="com.emp.qa.base.TestBase" name="@AfterMethod tearDown" time="-1.675605692281E9">
    <skipped/>
  </testcase> <!-- @AfterMethod tearDown -->
  <testcase classname="com.emp.qa.base.TestBase" name="@BeforeMethod initialization" time="-1.675605692289E9">
    <skipped/>
  </testcase> <!-- @BeforeMethod initialization -->
  <testcase classname="com.emp.qa.base.TestBase" name="@AfterMethod tearDown" time="-1.675605692297E9">
    <skipped/>
  </testcase> <!-- @AfterMethod tearDown -->
  <testcase classname="com.emp.qa.base.TestBase" name="@BeforeMethod initialization" time="-1.675605692299E9">
    <skipped/>
  </testcase> <!-- @BeforeMethod initialization -->
  <testcase classname="com.emp.qa.base.TestBase" name="@AfterMethod tearDown" time="-1.675605692306E9">
    <skipped/>
  </testcase> <!-- @AfterMethod tearDown -->
  <testcase classname="com.emp.qa.base.TestBase" name="@BeforeMethod initialization" time="-1.675605692313E9">
    <skipped/>
  </testcase> <!-- @BeforeMethod initialization -->
  <testcase classname="com.emp.qa.base.TestBase" name="@AfterMethod tearDown" time="-1.675605692321E9">
    <skipped/>
  </testcase> <!-- @AfterMethod tearDown -->
  <testcase classname="com.emp.test_cases.Admin.Page_1_Dashboard_Test" name="TotalEnrollments_Test" time="8.104">
    <failure type="org.openqa.selenium.NoSuchWindowException" message="no such window: target window already closed
from unknown error: web view not found
  (Session info: chrome=109.0.5414.120)
Build info: version: &amp;apos;4.4.0&amp;apos;, revision: &amp;apos;e5c75ed026a&amp;apos;
System info: host: &amp;apos;DESKTOP-PJJHB19&amp;apos;, ip: &amp;apos;192.168.0.151&amp;apos;, os.name: &amp;apos;Windows 10&amp;apos;, os.arch: &amp;apos;amd64&amp;apos;, os.version: &amp;apos;10.0&amp;apos;, java.version: &amp;apos;17.0.4.1&amp;apos;
Driver info: org.openqa.selenium.chrome.ChromeDriver
Command: [070425aa19fe1a2a7aa1552eef0e3a40, findElement {using=xpath, value=//a[contains(.,&amp;apos;Dashboard&amp;apos;)]}]
Capabilities {acceptInsecureCerts: false, browserName: chrome, browserVersion: 109.0.5414.120, chrome: {chromedriverVersion: 109.0.5414.74 (e7c5703604da..., userDataDir: C:\Program Files (x86)\scop...}, goog:chromeOptions: {debuggerAddress: localhost:62219}, networkConnectionEnabled: false, pageLoadStrategy: normal, platformName: WINDOWS, proxy: Proxy(), se:cdp: ws://localhost:62219/devtoo..., se:cdpVersion: 109.0.5414.120, setWindowRect: true, strictFileInteractability: false, timeouts: {implicit: 0, pageLoad: 300000, script: 30000}, unhandledPromptBehavior: dismiss and notify, webauthn:extension:credBlob: true, webauthn:extension:largeBlob: true, webauthn:virtualAuthenticators: true}
Session ID: 070425aa19fe1a2a7aa1552eef0e3a40">
      <![CDATA[org.openqa.selenium.NoSuchWindowException: no such window: target window already closed
from unknown error: web view not found
  (Session info: chrome=109.0.5414.120)
Build info: version: '4.4.0', revision: 'e5c75ed026a'
System info: host: 'DESKTOP-PJJHB19', ip: '192.168.0.151', os.name: 'Windows 10', os.arch: 'amd64', os.version: '10.0', java.version: '17.0.4.1'
Driver info: org.openqa.selenium.chrome.ChromeDriver
Command: [070425aa19fe1a2a7aa1552eef0e3a40, findElement {using=xpath, value=//a[contains(.,'Dashboard')]}]
Capabilities {acceptInsecureCerts: false, browserName: chrome, browserVersion: 109.0.5414.120, chrome: {chromedriverVersion: 109.0.5414.74 (e7c5703604da..., userDataDir: C:\Program Files (x86)\scop...}, goog:chromeOptions: {debuggerAddress: localhost:62219}, networkConnectionEnabled: false, pageLoadStrategy: normal, platformName: WINDOWS, proxy: Proxy(), se:cdp: ws://localhost:62219/devtoo..., se:cdpVersion: 109.0.5414.120, setWindowRect: true, strictFileInteractability: false, timeouts: {implicit: 0, pageLoad: 300000, script: 30000}, unhandledPromptBehavior: dismiss and notify, webauthn:extension:credBlob: true, webauthn:extension:largeBlob: true, webauthn:virtualAuthenticators: true}
Session ID: 070425aa19fe1a2a7aa1552eef0e3a40
at org.openqa.selenium.remote.codec.w3c.W3CHttpResponseCodec.createException(W3CHttpResponseCodec.java:200)
at org.openqa.selenium.remote.codec.w3c.W3CHttpResponseCodec.decode(W3CHttpResponseCodec.java:133)
at org.openqa.selenium.remote.codec.w3c.W3CHttpResponseCodec.decode(W3CHttpResponseCodec.java:53)
at org.openqa.selenium.remote.HttpCommandExecutor.execute(HttpCommandExecutor.java:184)
at org.openqa.selenium.remote.service.DriverCommandExecutor.invokeExecute(DriverCommandExecutor.java:167)
at org.openqa.selenium.remote.service.DriverCommandExecutor.execute(DriverCommandExecutor.java:142)
at org.openqa.selenium.remote.RemoteWebDriver.execute(RemoteWebDriver.java:547)
at org.openqa.selenium.remote.ElementLocation$ElementFinder$2.findElement(ElementLocation.java:162)
at org.openqa.selenium.remote.ElementLocation.findElement(ElementLocation.java:60)
at org.openqa.selenium.remote.RemoteWebDriver.findElement(RemoteWebDriver.java:365)
at org.openqa.selenium.remote.RemoteWebDriver.findElement(RemoteWebDriver.java:357)
at org.openqa.selenium.support.pagefactory.DefaultElementLocator.findElement(DefaultElementLocator.java:70)
at org.openqa.selenium.support.pagefactory.internal.LocatingElementHandler.invoke(LocatingElementHandler.java:39)
at jdk.proxy2/jdk.proxy2.$Proxy17.getWrappedElement(Unknown Source)
at org.openqa.selenium.remote.internal.WebElementToJsonConverter.apply(WebElementToJsonConverter.java:51)
at java.base/java.util.stream.ReferencePipeline$3$1.accept(ReferencePipeline.java:197)
at java.base/java.util.Spliterators$ArraySpliterator.forEachRemaining(Spliterators.java:992)
at java.base/java.util.stream.AbstractPipeline.copyInto(AbstractPipeline.java:509)
at java.base/java.util.stream.AbstractPipeline.wrapAndCopyInto(AbstractPipeline.java:499)
at java.base/java.util.stream.ReduceOps$ReduceOp.evaluateSequential(ReduceOps.java:921)
at java.base/java.util.stream.AbstractPipeline.evaluate(AbstractPipeline.java:234)
at java.base/java.util.stream.ReferencePipeline.collect(ReferencePipeline.java:682)
at org.openqa.selenium.remote.RemoteWebDriver.executeScript(RemoteWebDriver.java:478)
at com.emp.qa.util.Helpers.highLightElement(Helpers.java:164)
at com.emp.qa.pages.Admin.HomePage.clickDashboard(HomePage.java:99)
at com.emp.test_cases.Admin.Page_1_Dashboard_Test.TotalEnrollments_Test(Page_1_Dashboard_Test.java:18)
at java.base/java.util.ArrayList.forEach(ArrayList.java:1511)
... Removed 32 stack frames]]>
    </failure>
  </testcase> <!-- TotalEnrollments_Test -->
  <testcase classname="com.emp.test_cases.Admin.Page_1_Dashboard_Test" name="CurrentlyACtive_Test" time="0.0">
    <skipped/>
  </testcase> <!-- CurrentlyACtive_Test -->
  <testcase classname="com.emp.test_cases.Admin.Page_1_Dashboard_Test" name="CurrentlyIdle_Test" time="0.0">
    <skipped/>
  </testcase> <!-- CurrentlyIdle_Test -->
  <testcase classname="com.emp.test_cases.Admin.Page_1_Dashboard_Test" name="Currently_Offline_Test" time="0.001">
    <skipped/>
  </testcase> <!-- Currently_Offline_Test -->
  <testcase classname="com.emp.test_cases.Admin.Page_1_Dashboard_Test" name="Absent_Users_Test" time="0.0">
    <skipped/>
  </testcase> <!-- Absent_Users_Test -->
  <testcase classname="com.emp.test_cases.Admin.Page_1_Dashboard_Test" name="Suspended_Users_Test" time="0.001">
    <skipped/>
  </testcase> <!-- Suspended_Users_Test -->
  <testcase classname="com.emp.test_cases.Admin.Page_1_Dashboard_Test" name="Top10ProductiveEmployees_Locations_Test" time="0.0">
    <skipped/>
  </testcase> <!-- Top10ProductiveEmployees_Locations_Test -->
  <testcase classname="com.emp.test_cases.Admin.Page_1_Dashboard_Test" name="Top10NonProductiveEmployees_Location_Test" time="0.0">
    <skipped/>
  </testcase> <!-- Top10NonProductiveEmployees_Location_Test -->
  <testcase classname="com.emp.test_cases.Admin.Page_1_Dashboard_Test" name="Location_Performance_Productive_Test" time="0.0">
    <skipped/>
  </testcase> <!-- Location_Performance_Productive_Test -->
  <testcase classname="com.emp.test_cases.Admin.Page_1_Dashboard_Test" name="Department_Performance_Productive_Test" time="0.0">
    <skipped/>
  </testcase> <!-- Department_Performance_Productive_Test -->
  <testcase classname="com.emp.test_cases.Admin.Page_1_Dashboard_Test" name="Top10Websitesusages_Today_Test" time="0.0">
    <skipped/>
  </testcase> <!-- Top10Websitesusages_Today_Test -->
  <testcase classname="com.emp.test_cases.Admin.Page_1_Dashboard_Test" name="Top10_Application_Usage_Today_Test" time="0.0">
    <skipped/>
  </testcase> <!-- Top10_Application_Usage_Today_Test -->
  <testcase classname="com.emp.test_cases.Admin.Page_1_Dashboard_Test" name="Top_10_Active_Employee_Test" time="0.0">
    <skipped/>
  </testcase> <!-- Top_10_Active_Employee_Test -->
  <testcase classname="com.emp.test_cases.Admin.Page_1_Dashboard_Test" name="Top_10_Non_Active_Employee_Test" time="0.0">
    <skipped/>
  </testcase> <!-- Top_10_Non_Active_Employee_Test -->
</testsuite> <!-- EmpTest Cases -->
