<?xml version="1.0" encoding="UTF-8"?>
<testng-results ignored="0" total="14" passed="1" failed="13" skipped="0">
  <reporter-output>
    <line>
      <![CDATA[<B><font color = 'orange'>Username .</font></B> Entered User ID]]>
    </line>
    <line>
      <![CDATA[<B><font color = 'orange'>Password .</font></B> Entered Password]]>
    </line>
    <line>
      <![CDATA[<B><font color = 'orange'>Client_check_Box .</font></B> Clicked on Client_check_Box]]>
    </line>
    <line>
      <![CDATA[<B><font color = 'orange'>Sign In Button .</font></B> Clicked on Submit Button]]>
    </line>
    <line>
      <![CDATA[<B><font color = 'blue'> Step1 .</font> Clicked on Total_Enrollments  option ]]>
    </line>
    <line>
      <![CDATA[<B><font color = 'blue'> Step2 .</font> Total_Enrollments Register Employes (Displayed)=  7]]>
    </line>
    <line>
      <![CDATA[<B><font color = 'blue'> Step3 .</font> Total Enrollments modal page displayed = Showing 1 to 7 of 7]]>
    </line>
    <line>
      <![CDATA[<B><font color = 'blue'> Step4 .</font> actual TotalEnrollments_main_page =  7 equal  expected TotalEnrollments_modal_page =  7]]>
    </line>
    <line>
      <![CDATA[<B><font color = 'blue'>Step5 .</font></B> Clicked on Total_Enrollments csv Button ]]>
    </line>
    <line>
      <![CDATA[<B><font color = 'blue'>Step6 .</font></B> Clicked on TotalEnrollments Close Buttton ]]>
    </line>
    <line>
      <![CDATA[<br><img src='C:\Users\GLB-BLR-002\Desktop\Scripts\EMPMonitor\screenshots\TotalEnrollments_Test2023-01-12_11-22-59.png  'height ='250' width='250' /><br>]]>
    </line>
    <line>
      <![CDATA[<a href=\C:\Users\GLB-BLR-002\Desktop\Scripts\EMPMonitor\screenshots\TotalEnrollments_Test2023-01-12_11-22-59.png><img src=C:\Users\GLB-BLR-002\Desktop\Scripts\EMPMonitor\screenshots\TotalEnrollments_Test2023-01-12_11-22-59.png  height ='250'  width='250'/> </a>]]>
    </line>
    <line>
      <![CDATA[<B><font color = 'orange'>Username .</font></B> Entered User ID]]>
    </line>
    <line>
      <![CDATA[<B><font color = 'orange'>Password .</font></B> Entered Password]]>
    </line>
    <line>
      <![CDATA[<B><font color = 'orange'>Client_check_Box .</font></B> Clicked on Client_check_Box]]>
    </line>
    <line>
      <![CDATA[<B><font color = 'orange'>Sign In Button .</font></B> Clicked on Submit Button]]>
    </line>
    <line>
      <![CDATA[<B><font color = 'blue'>Step1 .</font></B> Clicked on Currently_ACtive option]]>
    </line>
    <line>
      <![CDATA[<B><font color = 'blue'> Step2 .</font> Total_Enrollments Register Employes (Displayed)=  0]]>
    </line>
    <line>
      <![CDATA[<B><font color = 'blue'> Step3 .</font> Total Enrollments modal page displayed => Showing 0 to 0 of 0]]>
    </line>
    <line>
      <![CDATA[<B><font color = 'blue'> Step4 .</font> Actual Currently_ACtive users value =  0 equal  Expected Users  =  0]]>
    </line>
    <line>
      <![CDATA[<B><font color = 'blue'>Step5 .</font></B> Clicked on Currently_ACtive Csv Button ]]>
    </line>
    <line>
      <![CDATA[<br><img src='C:\Users\GLB-BLR-002\Desktop\Scripts\EMPMonitor\screenshots\CurrentlyACtive_Test2023-01-12_11-23-42.png  'height ='250' width='250' /><br>]]>
    </line>
    <line>
      <![CDATA[<a href=\C:\Users\GLB-BLR-002\Desktop\Scripts\EMPMonitor\screenshots\CurrentlyACtive_Test2023-01-12_11-23-42.png><img src=C:\Users\GLB-BLR-002\Desktop\Scripts\EMPMonitor\screenshots\CurrentlyACtive_Test2023-01-12_11-23-42.png  height ='250'  width='250'/> </a>]]>
    </line>
    <line>
      <![CDATA[<B><font color = 'orange'>Username .</font></B> Entered User ID]]>
    </line>
    <line>
      <![CDATA[<B><font color = 'orange'>Password .</font></B> Entered Password]]>
    </line>
    <line>
      <![CDATA[<B><font color = 'orange'>Client_check_Box .</font></B> Clicked on Client_check_Box]]>
    </line>
    <line>
      <![CDATA[<B><font color = 'orange'>Sign In Button .</font></B> Clicked on Submit Button]]>
    </line>
    <line>
      <![CDATA[<B><font color = 'blue'>Step1 .</font></B> Clicked on Currently_Idle option]]>
    </line>
    <line>
      <![CDATA[<B><font color = 'blue'> Step2 .</font></B> Currently_Idle Employes in main page Displayed=  1]]>
    </line>
    <line>
      <![CDATA[<B><font color = 'blue'> Step3 .</font></B> Currently_Idle modal page displayed => Showing 1 to 1 of 1]]>
    </line>
    <line>
      <![CDATA[<B><font color = 'blue'> Step4 .</font></B> Actual Currently_Idle users value =  1 equal  Expected Users  =  1]]>
    </line>
    <line>
      <![CDATA[<B><font color = 'blue'>Step5 .</font></B></B> Clicked on Currently_Idle csv Button ]]>
    </line>
    <line>
      <![CDATA[<br><img src='C:\Users\GLB-BLR-002\Desktop\Scripts\EMPMonitor\screenshots\CurrentlyIdle_Test2023-01-12_11-24-19.png  'height ='250' width='250' /><br>]]>
    </line>
    <line>
      <![CDATA[<a href=\C:\Users\GLB-BLR-002\Desktop\Scripts\EMPMonitor\screenshots\CurrentlyIdle_Test2023-01-12_11-24-19.png><img src=C:\Users\GLB-BLR-002\Desktop\Scripts\EMPMonitor\screenshots\CurrentlyIdle_Test2023-01-12_11-24-19.png  height ='250'  width='250'/> </a>]]>
    </line>
    <line>
      <![CDATA[<B><font color = 'orange'>Username .</font></B> Entered User ID]]>
    </line>
    <line>
      <![CDATA[<B><font color = 'orange'>Password .</font></B> Entered Password]]>
    </line>
    <line>
      <![CDATA[<B><font color = 'orange'>Client_check_Box .</font></B> Clicked on Client_check_Box]]>
    </line>
    <line>
      <![CDATA[<B><font color = 'orange'>Sign In Button .</font></B> Clicked on Submit Button]]>
    </line>
    <line>
      <![CDATA[<B><font color = 'blue'>Step1 .</font></B> Clicked on Currently_Offline option]]>
    </line>
    <line>
      <![CDATA[<B><font color = 'blue'> Step2 .</font></B> Currently_Offline Employes in main page Displayed=  1]]>
    </line>
    <line>
      <![CDATA[<B><font color = 'blue'> Step3 .</font></B> Currently_Offline modal page displayed => Showing 1 to 1 of 1]]>
    </line>
    <line>
      <![CDATA[<B><font color = 'blue'> Step4 .</font></B> Actual Currently_Offline users value =  1 equal  Expected Users  =  1]]>
    </line>
    <line>
      <![CDATA[<B><font color = 'blue'>Step5 .</font></B></B> Clicked on Currently_offline csv Button ]]>
    </line>
    <line>
      <![CDATA[<br><img src='C:\Users\GLB-BLR-002\Desktop\Scripts\EMPMonitor\screenshots\Currently_Offline_Test2023-01-12_11-25-06.png  'height ='250' width='250' /><br>]]>
    </line>
    <line>
      <![CDATA[<a href=\C:\Users\GLB-BLR-002\Desktop\Scripts\EMPMonitor\screenshots\Currently_Offline_Test2023-01-12_11-25-06.png><img src=C:\Users\GLB-BLR-002\Desktop\Scripts\EMPMonitor\screenshots\Currently_Offline_Test2023-01-12_11-25-06.png  height ='250'  width='250'/> </a>]]>
    </line>
    <line>
      <![CDATA[<B><font color = 'orange'>Username .</font></B> Entered User ID]]>
    </line>
    <line>
      <![CDATA[<B><font color = 'orange'>Password .</font></B> Entered Password]]>
    </line>
    <line>
      <![CDATA[<B><font color = 'orange'>Client_check_Box .</font></B> Clicked on Client_check_Box]]>
    </line>
    <line>
      <![CDATA[<B><font color = 'orange'>Sign In Button .</font></B> Clicked on Submit Button]]>
    </line>
    <line>
      <![CDATA[<B><font color = 'blue'>Step1 .</font></B></B> Clicked on Absent_Users option]]>
    </line>
    <line>
      <![CDATA[<B><font color = 'blue'> Step2 .</font></B> Absent_Users Employes in main page Displayed=  5]]>
    </line>
    <line>
      <![CDATA[<B><font color = 'blue'> Step3 .</font></B> Absent_Users modal page displayed => Showing 1 to 5 of 5]]>
    </line>
    <line>
      <![CDATA[<B><font color = 'blue'> Step4 .</font></B> Actual Absent_Users users value =  5 equal  Expected Users  =  5]]>
    </line>
    <line>
      <![CDATA[<B><font color = 'blue'>Step5 .</font></B> Clicked on Absent_Users_Generate csv Button ]]>
    </line>
    <line>
      <![CDATA[<br><img src='C:\Users\GLB-BLR-002\Desktop\Scripts\EMPMonitor\screenshots\Absent_Users_Test2023-01-12_11-25-53.png  'height ='250' width='250' /><br>]]>
    </line>
    <line>
      <![CDATA[<a href=\C:\Users\GLB-BLR-002\Desktop\Scripts\EMPMonitor\screenshots\Absent_Users_Test2023-01-12_11-25-53.png><img src=C:\Users\GLB-BLR-002\Desktop\Scripts\EMPMonitor\screenshots\Absent_Users_Test2023-01-12_11-25-53.png  height ='250'  width='250'/> </a>]]>
    </line>
    <line>
      <![CDATA[<B><font color = 'orange'>Username .</font></B> Entered User ID]]>
    </line>
    <line>
      <![CDATA[<B><font color = 'orange'>Password .</font></B> Entered Password]]>
    </line>
    <line>
      <![CDATA[<B><font color = 'orange'>Client_check_Box .</font></B> Clicked on Client_check_Box]]>
    </line>
    <line>
      <![CDATA[<B><font color = 'orange'>Sign In Button .</font></B> Clicked on Submit Button]]>
    </line>
    <line>
      <![CDATA[<B><font color = 'blue'>Step1 .</font></B> Clicked on Suspended_Users option]]>
    </line>
    <line>
      <![CDATA[<B><font color = 'blue'> Step2 .</font></B> Suspended_Users Employes in main page Displayed=  0]]>
    </line>
    <line>
      <![CDATA[<B><font color = 'blue'> Step3 .</font></B> Suspended_Users modal page displayed => Showing 0 to 0 of 0]]>
    </line>
    <line>
      <![CDATA[<B><font color = 'blue'> Step4 .</font></B> Actual Suspended_Users users value =  0 equal  Expected Users  =  0]]>
    </line>
    <line>
      <![CDATA[<B><font color = 'blue'>Step5 .</font></B> Clicked on Suspended_Users csv Button ]]>
    </line>
    <line>
      <![CDATA[<br><img src='C:\Users\GLB-BLR-002\Desktop\Scripts\EMPMonitor\screenshots\Suspended_Users_Test2023-01-12_11-26-41.png  'height ='250' width='250' /><br>]]>
    </line>
    <line>
      <![CDATA[<a href=\C:\Users\GLB-BLR-002\Desktop\Scripts\EMPMonitor\screenshots\Suspended_Users_Test2023-01-12_11-26-41.png><img src=C:\Users\GLB-BLR-002\Desktop\Scripts\EMPMonitor\screenshots\Suspended_Users_Test2023-01-12_11-26-41.png  height ='250'  width='250'/> </a>]]>
    </line>
    <line>
      <![CDATA[<B><font color = 'orange'>Username .</font></B> Entered User ID]]>
    </line>
    <line>
      <![CDATA[<B><font color = 'orange'>Password .</font></B> Entered Password]]>
    </line>
    <line>
      <![CDATA[<B><font color = 'orange'>Client_check_Box .</font></B> Clicked on Client_check_Box]]>
    </line>
    <line>
      <![CDATA[<B><font color = 'orange'>Sign In Button .</font></B> Clicked on Submit Button]]>
    </line>
    <line>
      <![CDATA[<br><img src='C:\Users\GLB-BLR-002\Desktop\Scripts\EMPMonitor\screenshots\Top10ProductiveEmployees_Locations_Test2023-01-12_11-27-03.png  'height ='250' width='250' /><br>]]>
    </line>
    <line>
      <![CDATA[<a href=\C:\Users\GLB-BLR-002\Desktop\Scripts\EMPMonitor\screenshots\Top10ProductiveEmployees_Locations_Test2023-01-12_11-27-03.png><img src=C:\Users\GLB-BLR-002\Desktop\Scripts\EMPMonitor\screenshots\Top10ProductiveEmployees_Locations_Test2023-01-12_11-27-03.png  height ='250'  width='250'/> </a>]]>
    </line>
    <line>
      <![CDATA[<B><font color = 'orange'>Username .</font></B> Entered User ID]]>
    </line>
    <line>
      <![CDATA[<B><font color = 'orange'>Password .</font></B> Entered Password]]>
    </line>
    <line>
      <![CDATA[<B><font color = 'orange'>Client_check_Box .</font></B> Clicked on Client_check_Box]]>
    </line>
    <line>
      <![CDATA[<B><font color = 'orange'>Sign In Button .</font></B> Clicked on Submit Button]]>
    </line>
    <line>
      <![CDATA[<br><img src='C:\Users\GLB-BLR-002\Desktop\Scripts\EMPMonitor\screenshots\Top10NonProductiveEmployees_Location_Test2023-01-12_11-27-25.png  'height ='250' width='250' /><br>]]>
    </line>
    <line>
      <![CDATA[<a href=\C:\Users\GLB-BLR-002\Desktop\Scripts\EMPMonitor\screenshots\Top10NonProductiveEmployees_Location_Test2023-01-12_11-27-25.png><img src=C:\Users\GLB-BLR-002\Desktop\Scripts\EMPMonitor\screenshots\Top10NonProductiveEmployees_Location_Test2023-01-12_11-27-25.png  height ='250'  width='250'/> </a>]]>
    </line>
    <line>
      <![CDATA[<B><font color = 'orange'>Username .</font></B> Entered User ID]]>
    </line>
    <line>
      <![CDATA[<B><font color = 'orange'>Password .</font></B> Entered Password]]>
    </line>
    <line>
      <![CDATA[<B><font color = 'orange'>Client_check_Box .</font></B> Clicked on Client_check_Box]]>
    </line>
    <line>
      <![CDATA[<B><font color = 'orange'>Sign In Button .</font></B> Clicked on Submit Button]]>
    </line>
    <line>
      <![CDATA[<br><img src='C:\Users\GLB-BLR-002\Desktop\Scripts\EMPMonitor\screenshots\Location_Performance_Productive_Test2023-01-12_11-27-48.png  'height ='250' width='250' /><br>]]>
    </line>
    <line>
      <![CDATA[<a href=\C:\Users\GLB-BLR-002\Desktop\Scripts\EMPMonitor\screenshots\Location_Performance_Productive_Test2023-01-12_11-27-48.png><img src=C:\Users\GLB-BLR-002\Desktop\Scripts\EMPMonitor\screenshots\Location_Performance_Productive_Test2023-01-12_11-27-48.png  height ='250'  width='250'/> </a>]]>
    </line>
    <line>
      <![CDATA[<B><font color = 'orange'>Username .</font></B> Entered User ID]]>
    </line>
    <line>
      <![CDATA[<B><font color = 'orange'>Password .</font></B> Entered Password]]>
    </line>
    <line>
      <![CDATA[<B><font color = 'orange'>Client_check_Box .</font></B> Clicked on Client_check_Box]]>
    </line>
    <line>
      <![CDATA[<B><font color = 'orange'>Sign In Button .</font></B> Clicked on Submit Button]]>
    </line>
    <line>
      <![CDATA[<br><img src='C:\Users\GLB-BLR-002\Desktop\Scripts\EMPMonitor\screenshots\Department_Performance_Productive_Test2023-01-12_11-28-10.png  'height ='250' width='250' /><br>]]>
    </line>
    <line>
      <![CDATA[<a href=\C:\Users\GLB-BLR-002\Desktop\Scripts\EMPMonitor\screenshots\Department_Performance_Productive_Test2023-01-12_11-28-10.png><img src=C:\Users\GLB-BLR-002\Desktop\Scripts\EMPMonitor\screenshots\Department_Performance_Productive_Test2023-01-12_11-28-10.png  height ='250'  width='250'/> </a>]]>
    </line>
    <line>
      <![CDATA[<B><font color = 'orange'>Username .</font></B> Entered User ID]]>
    </line>
    <line>
      <![CDATA[<B><font color = 'orange'>Password .</font></B> Entered Password]]>
    </line>
    <line>
      <![CDATA[<B><font color = 'orange'>Client_check_Box .</font></B> Clicked on Client_check_Box]]>
    </line>
    <line>
      <![CDATA[<B><font color = 'orange'>Sign In Button .</font></B> Clicked on Submit Button]]>
    </line>
    <line>
      <![CDATA[<br><img src='C:\Users\GLB-BLR-002\Desktop\Scripts\EMPMonitor\screenshots\Top10Websitesusages_Today_Test2023-01-12_11-28-34.png  'height ='250' width='250' /><br>]]>
    </line>
    <line>
      <![CDATA[<a href=\C:\Users\GLB-BLR-002\Desktop\Scripts\EMPMonitor\screenshots\Top10Websitesusages_Today_Test2023-01-12_11-28-34.png><img src=C:\Users\GLB-BLR-002\Desktop\Scripts\EMPMonitor\screenshots\Top10Websitesusages_Today_Test2023-01-12_11-28-34.png  height ='250'  width='250'/> </a>]]>
    </line>
    <line>
      <![CDATA[<B><font color = 'orange'>Username .</font></B> Entered User ID]]>
    </line>
    <line>
      <![CDATA[<B><font color = 'orange'>Password .</font></B> Entered Password]]>
    </line>
    <line>
      <![CDATA[<B><font color = 'orange'>Client_check_Box .</font></B> Clicked on Client_check_Box]]>
    </line>
    <line>
      <![CDATA[<B><font color = 'orange'>Sign In Button .</font></B> Clicked on Submit Button]]>
    </line>
    <line>
      <![CDATA[<B><font color = 'blue'>Step1 .</font></B> Clicked on Top10_Application_Usage_Today Button]]>
    </line>
    <line>
      <![CDATA[<B><font color = 'blue'>Step2 .</font></B> Clicked on Top10_Application_Usage_Yesterday Button]]>
    </line>
    <line>
      <![CDATA[<B><font color = 'blue'>Step3 .</font></B> Clicked on Top10_Application_Usage_Thisweek Button]]>
    </line>
    <line>
      <![CDATA[<B><font color = 'blue'>Step4 .</font></B> Clicked on Top10_Application_Usage_viewdetails Button]]>
    </line>
    <line>
      <![CDATA[<B><font color = 'blue'>Step5 .</font></B> Clicked on Top10_Application_Usage_view_details close_button ]]>
    </line>
    <line>
      <![CDATA[<B><font color = 'orange'>Username .</font></B> Entered User ID]]>
    </line>
    <line>
      <![CDATA[<B><font color = 'orange'>Password .</font></B> Entered Password]]>
    </line>
    <line>
      <![CDATA[<B><font color = 'orange'>Client_check_Box .</font></B> Clicked on Client_check_Box]]>
    </line>
    <line>
      <![CDATA[<B><font color = 'orange'>Sign In Button .</font></B> Clicked on Submit Button]]>
    </line>
    <line>
      <![CDATA[<br><img src='C:\Users\GLB-BLR-002\Desktop\Scripts\EMPMonitor\screenshots\Top_10_Active_Employee_Test2023-01-12_11-29-23.png  'height ='250' width='250' /><br>]]>
    </line>
    <line>
      <![CDATA[<a href=\C:\Users\GLB-BLR-002\Desktop\Scripts\EMPMonitor\screenshots\Top_10_Active_Employee_Test2023-01-12_11-29-23.png><img src=C:\Users\GLB-BLR-002\Desktop\Scripts\EMPMonitor\screenshots\Top_10_Active_Employee_Test2023-01-12_11-29-23.png  height ='250'  width='250'/> </a>]]>
    </line>
    <line>
      <![CDATA[<B><font color = 'orange'>Username .</font></B> Entered User ID]]>
    </line>
    <line>
      <![CDATA[<B><font color = 'orange'>Password .</font></B> Entered Password]]>
    </line>
    <line>
      <![CDATA[<B><font color = 'orange'>Client_check_Box .</font></B> Clicked on Client_check_Box]]>
    </line>
    <line>
      <![CDATA[<B><font color = 'orange'>Sign In Button .</font></B> Clicked on Submit Button]]>
    </line>
    <line>
      <![CDATA[<br><img src='C:\Users\GLB-BLR-002\Desktop\Scripts\EMPMonitor\screenshots\Top_10_Non_Active_Employee_Test2023-01-12_11-29-45.png  'height ='250' width='250' /><br>]]>
    </line>
    <line>
      <![CDATA[<a href=\C:\Users\GLB-BLR-002\Desktop\Scripts\EMPMonitor\screenshots\Top_10_Non_Active_Employee_Test2023-01-12_11-29-45.png><img src=C:\Users\GLB-BLR-002\Desktop\Scripts\EMPMonitor\screenshots\Top_10_Non_Active_Employee_Test2023-01-12_11-29-45.png  height ='250'  width='250'/> </a>]]>
    </line>
  </reporter-output>
  <suite started-at="2023-01-12T11:22:04 IST" name="Default suite" finished-at="2023-01-12T11:29:45 IST" duration-ms="461612">
    <groups>
    </groups>
    <test started-at="2023-01-12T11:22:04 IST" name="Default test" finished-at="2023-01-12T11:29:45 IST" duration-ms="461612">
      <class name="com.emp.test_cases.Admin.Page_1_Dashboard_Test">
        <test-method is-config="true" signature="beforeSuite()[pri:0, instance:com.emp.test_cases.Admin.Page_1_Dashboard_Test@5e21e98f]" started-at="2023-01-12T11:22:04 IST" name="beforeSuite" finished-at="2023-01-12T11:22:04 IST" duration-ms="59" status="PASS">
          <reporter-output>
          </reporter-output>
        </test-method> <!-- beforeSuite -->
        <test-method is-config="true" signature="initialization()[pri:0, instance:com.emp.test_cases.Admin.Page_1_Dashboard_Test@5e21e98f]" started-at="2023-01-12T11:22:04 IST" name="initialization" finished-at="2023-01-12T11:22:19 IST" duration-ms="15216" status="PASS">
          <reporter-output>
            <line>
              <![CDATA[<B><font color = 'orange'>Username .</font></B> Entered User ID]]>
            </line>
            <line>
              <![CDATA[<B><font color = 'orange'>Password .</font></B> Entered Password]]>
            </line>
            <line>
              <![CDATA[<B><font color = 'orange'>Client_check_Box .</font></B> Clicked on Client_check_Box]]>
            </line>
            <line>
              <![CDATA[<B><font color = 'orange'>Sign In Button .</font></B> Clicked on Submit Button]]>
            </line>
          </reporter-output>
        </test-method> <!-- initialization -->
        <test-method signature="TotalEnrollments_Test()[pri:1, instance:com.emp.test_cases.Admin.Page_1_Dashboard_Test@5e21e98f]" started-at="2023-01-12T11:22:19 IST" name="TotalEnrollments_Test" finished-at="2023-01-12T11:22:58 IST" duration-ms="39082" status="FAIL">
          <exception class="java.io.FileNotFoundException">
            <message>
              <![CDATA[C:\Emp-Monitor-PR\Emp_Monitor\src\main\java\com\emp\qa\config\EMP_File_paths (The system cannot find the path specified)]]>
            </message>
            <full-stacktrace>
              <![CDATA[java.io.FileNotFoundException: C:\Emp-Monitor-PR\Emp_Monitor\src\main\java\com\emp\qa\config\EMP_File_paths (The system cannot find the path specified)
at java.base/java.io.FileInputStream.open0(Native Method)
at java.base/java.io.FileInputStream.open(FileInputStream.java:216)
at java.base/java.io.FileInputStream.<init>(FileInputStream.java:157)
at java.base/java.io.FileInputStream.<init>(FileInputStream.java:111)
at com.emp.qa.util.DataUtility.Data_info(DataUtility.java:13)
at com.emp.qa.util.Helpers.Total_Enrollments_Excel_data(Helpers.java:695)
at com.emp.qa.pages.Admin.Page_1__Dashboard.TotalEnrollments_1(Page_1__Dashboard.java:541)
at com.emp.test_cases.Admin.Page_1_Dashboard_Test.TotalEnrollments_Test(Page_1_Dashboard_Test.java:19)
at java.base/jdk.internal.reflect.NativeMethodAccessorImpl.invoke0(Native Method)
at java.base/jdk.internal.reflect.NativeMethodAccessorImpl.invoke(NativeMethodAccessorImpl.java:77)
at java.base/jdk.internal.reflect.DelegatingMethodAccessorImpl.invoke(DelegatingMethodAccessorImpl.java:43)
at java.base/java.lang.reflect.Method.invoke(Method.java:568)
at org.testng.internal.MethodInvocationHelper.invokeMethod(MethodInvocationHelper.java:133)
at org.testng.internal.TestInvoker.invokeMethod(TestInvoker.java:598)
at org.testng.internal.TestInvoker.invokeTestMethod(TestInvoker.java:173)
at org.testng.internal.MethodRunner.runInSequence(MethodRunner.java:46)
at org.testng.internal.TestInvoker$MethodInvocationAgent.invoke(TestInvoker.java:824)
at org.testng.internal.TestInvoker.invokeTestMethods(TestInvoker.java:146)
at org.testng.internal.TestMethodWorker.invokeTestMethods(TestMethodWorker.java:146)
at org.testng.internal.TestMethodWorker.run(TestMethodWorker.java:128)
at java.base/java.util.ArrayList.forEach(ArrayList.java:1511)
at org.testng.TestRunner.privateRun(TestRunner.java:794)
at org.testng.TestRunner.run(TestRunner.java:596)
at org.testng.SuiteRunner.runTest(SuiteRunner.java:377)
at org.testng.SuiteRunner.runSequentially(SuiteRunner.java:371)
at org.testng.SuiteRunner.privateRun(SuiteRunner.java:332)
at org.testng.SuiteRunner.run(SuiteRunner.java:276)
at org.testng.SuiteRunnerWorker.runSuite(SuiteRunnerWorker.java:53)
at org.testng.SuiteRunnerWorker.run(SuiteRunnerWorker.java:96)
at org.testng.TestNG.runSuitesSequentially(TestNG.java:1212)
at org.testng.TestNG.runSuitesLocally(TestNG.java:1134)
at org.testng.TestNG.runSuites(TestNG.java:1063)
at org.testng.TestNG.run(TestNG.java:1031)
at org.testng.remote.AbstractRemoteTestNG.run(AbstractRemoteTestNG.java:115)
at org.testng.remote.RemoteTestNG.initAndRun(RemoteTestNG.java:251)
at org.testng.remote.RemoteTestNG.main(RemoteTestNG.java:77)
]]>
            </full-stacktrace>
          </exception> <!-- java.io.FileNotFoundException -->
          <reporter-output>
            <line>
              <![CDATA[<B><font color = 'blue'> Step1 .</font> Clicked on Total_Enrollments  option ]]>
            </line>
            <line>
              <![CDATA[<B><font color = 'blue'> Step2 .</font> Total_Enrollments Register Employes (Displayed)=  7]]>
            </line>
            <line>
              <![CDATA[<B><font color = 'blue'> Step3 .</font> Total Enrollments modal page displayed = Showing 1 to 7 of 7]]>
            </line>
            <line>
              <![CDATA[<B><font color = 'blue'> Step4 .</font> actual TotalEnrollments_main_page =  7 equal  expected TotalEnrollments_modal_page =  7]]>
            </line>
            <line>
              <![CDATA[<B><font color = 'blue'>Step5 .</font></B> Clicked on Total_Enrollments csv Button ]]>
            </line>
            <line>
              <![CDATA[<B><font color = 'blue'>Step6 .</font></B> Clicked on TotalEnrollments Close Buttton ]]>
            </line>
          </reporter-output>
        </test-method> <!-- TotalEnrollments_Test -->
        <test-method is-config="true" signature="tearDown(org.testng.ITestResult)[pri:0, instance:com.emp.test_cases.Admin.Page_1_Dashboard_Test@5e21e98f]" started-at="2023-01-12T11:22:58 IST" name="tearDown" finished-at="2023-01-12T11:22:59 IST" duration-ms="823" status="PASS">
          <params>
            <param index="0">
              <value>
                <![CDATA[[TestResult name=TotalEnrollments_Test status=FAILURE method=Page_1_Dashboard_Test.TotalEnrollments_Test()[pri:1, instance:com.emp.test_cases.Admin.Page_1_Dashboard_Test@5e21e98f] output=<B><font color = 'blue'> Step1 .</font> Clicked on Total_Enrollments  option ]]]>
              </value>
            </param>
          </params>
          <reporter-output>
            <line>
              <![CDATA[<br><img src='C:\Users\GLB-BLR-002\Desktop\Scripts\EMPMonitor\screenshots\TotalEnrollments_Test2023-01-12_11-22-59.png  'height ='250' width='250' /><br>]]>
            </line>
            <line>
              <![CDATA[<a href=\C:\Users\GLB-BLR-002\Desktop\Scripts\EMPMonitor\screenshots\TotalEnrollments_Test2023-01-12_11-22-59.png><img src=C:\Users\GLB-BLR-002\Desktop\Scripts\EMPMonitor\screenshots\TotalEnrollments_Test2023-01-12_11-22-59.png  height ='250'  width='250'/> </a>]]>
            </line>
          </reporter-output>
        </test-method> <!-- tearDown -->
        <test-method is-config="true" signature="initialization()[pri:0, instance:com.emp.test_cases.Admin.Page_1_Dashboard_Test@5e21e98f]" started-at="2023-01-12T11:22:59 IST" name="initialization" finished-at="2023-01-12T11:23:09 IST" duration-ms="9893" status="PASS">
          <reporter-output>
            <line>
              <![CDATA[<B><font color = 'orange'>Username .</font></B> Entered User ID]]>
            </line>
            <line>
              <![CDATA[<B><font color = 'orange'>Password .</font></B> Entered Password]]>
            </line>
            <line>
              <![CDATA[<B><font color = 'orange'>Client_check_Box .</font></B> Clicked on Client_check_Box]]>
            </line>
            <line>
              <![CDATA[<B><font color = 'orange'>Sign In Button .</font></B> Clicked on Submit Button]]>
            </line>
          </reporter-output>
        </test-method> <!-- initialization -->
        <test-method signature="CurrentlyACtive_Test()[pri:2, instance:com.emp.test_cases.Admin.Page_1_Dashboard_Test@5e21e98f]" started-at="2023-01-12T11:23:09 IST" name="CurrentlyACtive_Test" finished-at="2023-01-12T11:23:42 IST" duration-ms="32950" status="FAIL">
          <exception class="org.openqa.selenium.ElementClickInterceptedException">
            <message>
              <![CDATA[element click intercepted: Element <button type="button" class="btn btn-danger" data-dismiss="modal" style="border: solid 2px white">...</button> is not clickable at point (993, 361). Other element would receive the click: <iframe id="fc_widget" name="fc_widget" title="Chat" frameborder="0" allowfullscreen="true" webkitallowfullscreen="true" mozallowfullscreen="true"></iframe>
  (Session info: chrome=108.0.5359.125)
Build info: version: '4.4.0', revision: 'e5c75ed026a'
System info: host: 'DESKTOP-PJJHB19', ip: '192.168.11.167', os.name: 'Windows 10', os.arch: 'amd64', os.version: '10.0', java.version: '17.0.4.1'
Driver info: org.openqa.selenium.chrome.ChromeDriver
Command: [c47157af394d97adac3b7fab448921e9, clickElement {id=f1a2f686-b0a2-4c8d-b953-dfa73047fe80}]
Capabilities {acceptInsecureCerts: false, browserName: chrome, browserVersion: 108.0.5359.125, chrome: {chromedriverVersion: 108.0.5359.71 (1e0e3868ee06..., userDataDir: C:\Users\GLB-BL~1\AppData\L...}, goog:chromeOptions: {debuggerAddress: localhost:52993}, networkConnectionEnabled: false, pageLoadStrategy: normal, platformName: WINDOWS, proxy: Proxy(), se:cdp: ws://localhost:52993/devtoo..., se:cdpVersion: 108.0.5359.125, setWindowRect: true, strictFileInteractability: false, timeouts: {implicit: 0, pageLoad: 300000, script: 30000}, unhandledPromptBehavior: dismiss and notify, webauthn:extension:credBlob: true, webauthn:extension:largeBlob: true, webauthn:virtualAuthenticators: true}
Element: [[ChromeDriver: chrome on WINDOWS (c47157af394d97adac3b7fab448921e9)] -> xpath: //*[@id='Online_count']/div/div/div[3]/button[2]]
Session ID: c47157af394d97adac3b7fab448921e9]]>
            </message>
            <full-stacktrace>
              <![CDATA[org.openqa.selenium.ElementClickInterceptedException: element click intercepted: Element <button type="button" class="btn btn-danger" data-dismiss="modal" style="border: solid 2px white">...</button> is not clickable at point (993, 361). Other element would receive the click: <iframe id="fc_widget" name="fc_widget" title="Chat" frameborder="0" allowfullscreen="true" webkitallowfullscreen="true" mozallowfullscreen="true"></iframe>
  (Session info: chrome=108.0.5359.125)
Build info: version: '4.4.0', revision: 'e5c75ed026a'
System info: host: 'DESKTOP-PJJHB19', ip: '192.168.11.167', os.name: 'Windows 10', os.arch: 'amd64', os.version: '10.0', java.version: '17.0.4.1'
Driver info: org.openqa.selenium.chrome.ChromeDriver
Command: [c47157af394d97adac3b7fab448921e9, clickElement {id=f1a2f686-b0a2-4c8d-b953-dfa73047fe80}]
Capabilities {acceptInsecureCerts: false, browserName: chrome, browserVersion: 108.0.5359.125, chrome: {chromedriverVersion: 108.0.5359.71 (1e0e3868ee06..., userDataDir: C:\Users\GLB-BL~1\AppData\L...}, goog:chromeOptions: {debuggerAddress: localhost:52993}, networkConnectionEnabled: false, pageLoadStrategy: normal, platformName: WINDOWS, proxy: Proxy(), se:cdp: ws://localhost:52993/devtoo..., se:cdpVersion: 108.0.5359.125, setWindowRect: true, strictFileInteractability: false, timeouts: {implicit: 0, pageLoad: 300000, script: 30000}, unhandledPromptBehavior: dismiss and notify, webauthn:extension:credBlob: true, webauthn:extension:largeBlob: true, webauthn:virtualAuthenticators: true}
Element: [[ChromeDriver: chrome on WINDOWS (c47157af394d97adac3b7fab448921e9)] -> xpath: //*[@id='Online_count']/div/div/div[3]/button[2]]
Session ID: c47157af394d97adac3b7fab448921e9
at java.base/jdk.internal.reflect.NativeConstructorAccessorImpl.newInstance0(Native Method)
at java.base/jdk.internal.reflect.NativeConstructorAccessorImpl.newInstance(NativeConstructorAccessorImpl.java:77)
at java.base/jdk.internal.reflect.DelegatingConstructorAccessorImpl.newInstance(DelegatingConstructorAccessorImpl.java:45)
at java.base/java.lang.reflect.Constructor.newInstanceWithCaller(Constructor.java:499)
at java.base/java.lang.reflect.Constructor.newInstance(Constructor.java:480)
at org.openqa.selenium.remote.codec.w3c.W3CHttpResponseCodec.createException(W3CHttpResponseCodec.java:200)
at org.openqa.selenium.remote.codec.w3c.W3CHttpResponseCodec.decode(W3CHttpResponseCodec.java:133)
at org.openqa.selenium.remote.codec.w3c.W3CHttpResponseCodec.decode(W3CHttpResponseCodec.java:53)
at org.openqa.selenium.remote.HttpCommandExecutor.execute(HttpCommandExecutor.java:184)
at org.openqa.selenium.remote.service.DriverCommandExecutor.invokeExecute(DriverCommandExecutor.java:167)
at org.openqa.selenium.remote.service.DriverCommandExecutor.execute(DriverCommandExecutor.java:142)
at org.openqa.selenium.remote.RemoteWebDriver.execute(RemoteWebDriver.java:547)
at org.openqa.selenium.remote.RemoteWebElement.execute(RemoteWebElement.java:257)
at org.openqa.selenium.remote.RemoteWebElement.click(RemoteWebElement.java:78)
at java.base/jdk.internal.reflect.NativeMethodAccessorImpl.invoke0(Native Method)
at java.base/jdk.internal.reflect.NativeMethodAccessorImpl.invoke(NativeMethodAccessorImpl.java:77)
at java.base/jdk.internal.reflect.DelegatingMethodAccessorImpl.invoke(DelegatingMethodAccessorImpl.java:43)
at java.base/java.lang.reflect.Method.invoke(Method.java:568)
at org.openqa.selenium.support.pagefactory.internal.LocatingElementHandler.invoke(LocatingElementHandler.java:52)
at jdk.proxy2/jdk.proxy2.$Proxy17.click(Unknown Source)
at com.emp.qa.pages.Admin.Page_1__Dashboard.CurrentlyACtive_2(Page_1__Dashboard.java:597)
at com.emp.test_cases.Admin.Page_1_Dashboard_Test.CurrentlyACtive_Test(Page_1_Dashboard_Test.java:31)
at java.base/jdk.internal.reflect.NativeMethodAccessorImpl.invoke0(Native Method)
at java.base/jdk.internal.reflect.NativeMethodAccessorImpl.invoke(NativeMethodAccessorImpl.java:77)
at java.base/jdk.internal.reflect.DelegatingMethodAccessorImpl.invoke(DelegatingMethodAccessorImpl.java:43)
at java.base/java.lang.reflect.Method.invoke(Method.java:568)
at org.testng.internal.MethodInvocationHelper.invokeMethod(MethodInvocationHelper.java:133)
at org.testng.internal.TestInvoker.invokeMethod(TestInvoker.java:598)
at org.testng.internal.TestInvoker.invokeTestMethod(TestInvoker.java:173)
at org.testng.internal.MethodRunner.runInSequence(MethodRunner.java:46)
at org.testng.internal.TestInvoker$MethodInvocationAgent.invoke(TestInvoker.java:824)
at org.testng.internal.TestInvoker.invokeTestMethods(TestInvoker.java:146)
at org.testng.internal.TestMethodWorker.invokeTestMethods(TestMethodWorker.java:146)
at org.testng.internal.TestMethodWorker.run(TestMethodWorker.java:128)
at java.base/java.util.ArrayList.forEach(ArrayList.java:1511)
at org.testng.TestRunner.privateRun(TestRunner.java:794)
at org.testng.TestRunner.run(TestRunner.java:596)
at org.testng.SuiteRunner.runTest(SuiteRunner.java:377)
at org.testng.SuiteRunner.runSequentially(SuiteRunner.java:371)
at org.testng.SuiteRunner.privateRun(SuiteRunner.java:332)
at org.testng.SuiteRunner.run(SuiteRunner.java:276)
at org.testng.SuiteRunnerWorker.runSuite(SuiteRunnerWorker.java:53)
at org.testng.SuiteRunnerWorker.run(SuiteRunnerWorker.java:96)
at org.testng.TestNG.runSuitesSequentially(TestNG.java:1212)
at org.testng.TestNG.runSuitesLocally(TestNG.java:1134)
at org.testng.TestNG.runSuites(TestNG.java:1063)
at org.testng.TestNG.run(TestNG.java:1031)
at org.testng.remote.AbstractRemoteTestNG.run(AbstractRemoteTestNG.java:115)
at org.testng.remote.RemoteTestNG.initAndRun(RemoteTestNG.java:251)
at org.testng.remote.RemoteTestNG.main(RemoteTestNG.java:77)
]]>
            </full-stacktrace>
          </exception> <!-- org.openqa.selenium.ElementClickInterceptedException -->
          <reporter-output>
            <line>
              <![CDATA[<B><font color = 'blue'>Step1 .</font></B> Clicked on Currently_ACtive option]]>
            </line>
            <line>
              <![CDATA[<B><font color = 'blue'> Step2 .</font> Total_Enrollments Register Employes (Displayed)=  0]]>
            </line>
            <line>
              <![CDATA[<B><font color = 'blue'> Step3 .</font> Total Enrollments modal page displayed => Showing 0 to 0 of 0]]>
            </line>
            <line>
              <![CDATA[<B><font color = 'blue'> Step4 .</font> Actual Currently_ACtive users value =  0 equal  Expected Users  =  0]]>
            </line>
            <line>
              <![CDATA[<B><font color = 'blue'>Step5 .</font></B> Clicked on Currently_ACtive Csv Button ]]>
            </line>
          </reporter-output>
        </test-method> <!-- CurrentlyACtive_Test -->
        <test-method is-config="true" signature="tearDown(org.testng.ITestResult)[pri:0, instance:com.emp.test_cases.Admin.Page_1_Dashboard_Test@5e21e98f]" started-at="2023-01-12T11:23:42 IST" name="tearDown" finished-at="2023-01-12T11:23:43 IST" duration-ms="630" status="PASS">
          <params>
            <param index="0">
              <value>
                <![CDATA[[TestResult name=CurrentlyACtive_Test status=FAILURE method=Page_1_Dashboard_Test.CurrentlyACtive_Test()[pri:2, instance:com.emp.test_cases.Admin.Page_1_Dashboard_Test@5e21e98f] output=<B><font color = 'blue'>Step1 .</font></B> Clicked on Currently_ACtive option]]]>
              </value>
            </param>
          </params>
          <reporter-output>
            <line>
              <![CDATA[<br><img src='C:\Users\GLB-BLR-002\Desktop\Scripts\EMPMonitor\screenshots\CurrentlyACtive_Test2023-01-12_11-23-42.png  'height ='250' width='250' /><br>]]>
            </line>
            <line>
              <![CDATA[<a href=\C:\Users\GLB-BLR-002\Desktop\Scripts\EMPMonitor\screenshots\CurrentlyACtive_Test2023-01-12_11-23-42.png><img src=C:\Users\GLB-BLR-002\Desktop\Scripts\EMPMonitor\screenshots\CurrentlyACtive_Test2023-01-12_11-23-42.png  height ='250'  width='250'/> </a>]]>
            </line>
          </reporter-output>
        </test-method> <!-- tearDown -->
        <test-method is-config="true" signature="initialization()[pri:0, instance:com.emp.test_cases.Admin.Page_1_Dashboard_Test@5e21e98f]" started-at="2023-01-12T11:23:43 IST" name="initialization" finished-at="2023-01-12T11:23:52 IST" duration-ms="9604" status="PASS">
          <reporter-output>
            <line>
              <![CDATA[<B><font color = 'orange'>Username .</font></B> Entered User ID]]>
            </line>
            <line>
              <![CDATA[<B><font color = 'orange'>Password .</font></B> Entered Password]]>
            </line>
            <line>
              <![CDATA[<B><font color = 'orange'>Client_check_Box .</font></B> Clicked on Client_check_Box]]>
            </line>
            <line>
              <![CDATA[<B><font color = 'orange'>Sign In Button .</font></B> Clicked on Submit Button]]>
            </line>
          </reporter-output>
        </test-method> <!-- initialization -->
        <test-method signature="CurrentlyIdle_Test()[pri:3, instance:com.emp.test_cases.Admin.Page_1_Dashboard_Test@5e21e98f]" started-at="2023-01-12T11:23:52 IST" name="CurrentlyIdle_Test" finished-at="2023-01-12T11:24:19 IST" duration-ms="26860" status="FAIL">
          <exception class="org.openqa.selenium.ElementClickInterceptedException">
            <message>
              <![CDATA[element click intercepted: Element <button type="button" class="btn btn-danger" data-dismiss="modal" style="border: solid 2px white">...</button> is not clickable at point (993, 380). Other element would receive the click: <iframe id="fc_widget" name="fc_widget" title="Chat" frameborder="0" allowfullscreen="true" webkitallowfullscreen="true" mozallowfullscreen="true"></iframe>
  (Session info: chrome=108.0.5359.125)
Build info: version: '4.4.0', revision: 'e5c75ed026a'
System info: host: 'DESKTOP-PJJHB19', ip: '192.168.11.167', os.name: 'Windows 10', os.arch: 'amd64', os.version: '10.0', java.version: '17.0.4.1'
Driver info: org.openqa.selenium.chrome.ChromeDriver
Command: [ab993653093f45ebc777dea399e2149c, clickElement {id=b3ff926f-03b2-48ce-bf3b-7d665fe1e41e}]
Capabilities {acceptInsecureCerts: false, browserName: chrome, browserVersion: 108.0.5359.125, chrome: {chromedriverVersion: 108.0.5359.71 (1e0e3868ee06..., userDataDir: C:\Users\GLB-BL~1\AppData\L...}, goog:chromeOptions: {debuggerAddress: localhost:53164}, networkConnectionEnabled: false, pageLoadStrategy: normal, platformName: WINDOWS, proxy: Proxy(), se:cdp: ws://localhost:53164/devtoo..., se:cdpVersion: 108.0.5359.125, setWindowRect: true, strictFileInteractability: false, timeouts: {implicit: 0, pageLoad: 300000, script: 30000}, unhandledPromptBehavior: dismiss and notify, webauthn:extension:credBlob: true, webauthn:extension:largeBlob: true, webauthn:virtualAuthenticators: true}
Element: [[ChromeDriver: chrome on WINDOWS (ab993653093f45ebc777dea399e2149c)] -> xpath: //*[@id='Offline_count']/div/div/div[3]/button[2]]
Session ID: ab993653093f45ebc777dea399e2149c]]>
            </message>
            <full-stacktrace>
              <![CDATA[org.openqa.selenium.ElementClickInterceptedException: element click intercepted: Element <button type="button" class="btn btn-danger" data-dismiss="modal" style="border: solid 2px white">...</button> is not clickable at point (993, 380). Other element would receive the click: <iframe id="fc_widget" name="fc_widget" title="Chat" frameborder="0" allowfullscreen="true" webkitallowfullscreen="true" mozallowfullscreen="true"></iframe>
  (Session info: chrome=108.0.5359.125)
Build info: version: '4.4.0', revision: 'e5c75ed026a'
System info: host: 'DESKTOP-PJJHB19', ip: '192.168.11.167', os.name: 'Windows 10', os.arch: 'amd64', os.version: '10.0', java.version: '17.0.4.1'
Driver info: org.openqa.selenium.chrome.ChromeDriver
Command: [ab993653093f45ebc777dea399e2149c, clickElement {id=b3ff926f-03b2-48ce-bf3b-7d665fe1e41e}]
Capabilities {acceptInsecureCerts: false, browserName: chrome, browserVersion: 108.0.5359.125, chrome: {chromedriverVersion: 108.0.5359.71 (1e0e3868ee06..., userDataDir: C:\Users\GLB-BL~1\AppData\L...}, goog:chromeOptions: {debuggerAddress: localhost:53164}, networkConnectionEnabled: false, pageLoadStrategy: normal, platformName: WINDOWS, proxy: Proxy(), se:cdp: ws://localhost:53164/devtoo..., se:cdpVersion: 108.0.5359.125, setWindowRect: true, strictFileInteractability: false, timeouts: {implicit: 0, pageLoad: 300000, script: 30000}, unhandledPromptBehavior: dismiss and notify, webauthn:extension:credBlob: true, webauthn:extension:largeBlob: true, webauthn:virtualAuthenticators: true}
Element: [[ChromeDriver: chrome on WINDOWS (ab993653093f45ebc777dea399e2149c)] -> xpath: //*[@id='Offline_count']/div/div/div[3]/button[2]]
Session ID: ab993653093f45ebc777dea399e2149c
at java.base/jdk.internal.reflect.NativeConstructorAccessorImpl.newInstance0(Native Method)
at java.base/jdk.internal.reflect.NativeConstructorAccessorImpl.newInstance(NativeConstructorAccessorImpl.java:77)
at java.base/jdk.internal.reflect.DelegatingConstructorAccessorImpl.newInstance(DelegatingConstructorAccessorImpl.java:45)
at java.base/java.lang.reflect.Constructor.newInstanceWithCaller(Constructor.java:499)
at java.base/java.lang.reflect.Constructor.newInstance(Constructor.java:480)
at org.openqa.selenium.remote.codec.w3c.W3CHttpResponseCodec.createException(W3CHttpResponseCodec.java:200)
at org.openqa.selenium.remote.codec.w3c.W3CHttpResponseCodec.decode(W3CHttpResponseCodec.java:133)
at org.openqa.selenium.remote.codec.w3c.W3CHttpResponseCodec.decode(W3CHttpResponseCodec.java:53)
at org.openqa.selenium.remote.HttpCommandExecutor.execute(HttpCommandExecutor.java:184)
at org.openqa.selenium.remote.service.DriverCommandExecutor.invokeExecute(DriverCommandExecutor.java:167)
at org.openqa.selenium.remote.service.DriverCommandExecutor.execute(DriverCommandExecutor.java:142)
at org.openqa.selenium.remote.RemoteWebDriver.execute(RemoteWebDriver.java:547)
at org.openqa.selenium.remote.RemoteWebElement.execute(RemoteWebElement.java:257)
at org.openqa.selenium.remote.RemoteWebElement.click(RemoteWebElement.java:78)
at java.base/jdk.internal.reflect.NativeMethodAccessorImpl.invoke0(Native Method)
at java.base/jdk.internal.reflect.NativeMethodAccessorImpl.invoke(NativeMethodAccessorImpl.java:77)
at java.base/jdk.internal.reflect.DelegatingMethodAccessorImpl.invoke(DelegatingMethodAccessorImpl.java:43)
at java.base/java.lang.reflect.Method.invoke(Method.java:568)
at org.openqa.selenium.support.pagefactory.internal.LocatingElementHandler.invoke(LocatingElementHandler.java:52)
at jdk.proxy2/jdk.proxy2.$Proxy17.click(Unknown Source)
at com.emp.qa.pages.Admin.Page_1__Dashboard.CurrentlyIdle_3(Page_1__Dashboard.java:657)
at com.emp.test_cases.Admin.Page_1_Dashboard_Test.CurrentlyIdle_Test(Page_1_Dashboard_Test.java:42)
at java.base/jdk.internal.reflect.NativeMethodAccessorImpl.invoke0(Native Method)
at java.base/jdk.internal.reflect.NativeMethodAccessorImpl.invoke(NativeMethodAccessorImpl.java:77)
at java.base/jdk.internal.reflect.DelegatingMethodAccessorImpl.invoke(DelegatingMethodAccessorImpl.java:43)
at java.base/java.lang.reflect.Method.invoke(Method.java:568)
at org.testng.internal.MethodInvocationHelper.invokeMethod(MethodInvocationHelper.java:133)
at org.testng.internal.TestInvoker.invokeMethod(TestInvoker.java:598)
at org.testng.internal.TestInvoker.invokeTestMethod(TestInvoker.java:173)
at org.testng.internal.MethodRunner.runInSequence(MethodRunner.java:46)
at org.testng.internal.TestInvoker$MethodInvocationAgent.invoke(TestInvoker.java:824)
at org.testng.internal.TestInvoker.invokeTestMethods(TestInvoker.java:146)
at org.testng.internal.TestMethodWorker.invokeTestMethods(TestMethodWorker.java:146)
at org.testng.internal.TestMethodWorker.run(TestMethodWorker.java:128)
at java.base/java.util.ArrayList.forEach(ArrayList.java:1511)
at org.testng.TestRunner.privateRun(TestRunner.java:794)
at org.testng.TestRunner.run(TestRunner.java:596)
at org.testng.SuiteRunner.runTest(SuiteRunner.java:377)
at org.testng.SuiteRunner.runSequentially(SuiteRunner.java:371)
at org.testng.SuiteRunner.privateRun(SuiteRunner.java:332)
at org.testng.SuiteRunner.run(SuiteRunner.java:276)
at org.testng.SuiteRunnerWorker.runSuite(SuiteRunnerWorker.java:53)
at org.testng.SuiteRunnerWorker.run(SuiteRunnerWorker.java:96)
at org.testng.TestNG.runSuitesSequentially(TestNG.java:1212)
at org.testng.TestNG.runSuitesLocally(TestNG.java:1134)
at org.testng.TestNG.runSuites(TestNG.java:1063)
at org.testng.TestNG.run(TestNG.java:1031)
at org.testng.remote.AbstractRemoteTestNG.run(AbstractRemoteTestNG.java:115)
at org.testng.remote.RemoteTestNG.initAndRun(RemoteTestNG.java:251)
at org.testng.remote.RemoteTestNG.main(RemoteTestNG.java:77)
]]>
            </full-stacktrace>
          </exception> <!-- org.openqa.selenium.ElementClickInterceptedException -->
          <reporter-output>
            <line>
              <![CDATA[<B><font color = 'blue'>Step1 .</font></B> Clicked on Currently_Idle option]]>
            </line>
            <line>
              <![CDATA[<B><font color = 'blue'> Step2 .</font></B> Currently_Idle Employes in main page Displayed=  1]]>
            </line>
            <line>
              <![CDATA[<B><font color = 'blue'> Step3 .</font></B> Currently_Idle modal page displayed => Showing 1 to 1 of 1]]>
            </line>
            <line>
              <![CDATA[<B><font color = 'blue'> Step4 .</font></B> Actual Currently_Idle users value =  1 equal  Expected Users  =  1]]>
            </line>
            <line>
              <![CDATA[<B><font color = 'blue'>Step5 .</font></B></B> Clicked on Currently_Idle csv Button ]]>
            </line>
          </reporter-output>
        </test-method> <!-- CurrentlyIdle_Test -->
        <test-method is-config="true" signature="tearDown(org.testng.ITestResult)[pri:0, instance:com.emp.test_cases.Admin.Page_1_Dashboard_Test@5e21e98f]" started-at="2023-01-12T11:24:19 IST" name="tearDown" finished-at="2023-01-12T11:24:20 IST" duration-ms="610" status="PASS">
          <params>
            <param index="0">
              <value>
                <![CDATA[[TestResult name=CurrentlyIdle_Test status=FAILURE method=Page_1_Dashboard_Test.CurrentlyIdle_Test()[pri:3, instance:com.emp.test_cases.Admin.Page_1_Dashboard_Test@5e21e98f] output=<B><font color = 'blue'>Step1 .</font></B> Clicked on Currently_Idle option]]]>
              </value>
            </param>
          </params>
          <reporter-output>
            <line>
              <![CDATA[<br><img src='C:\Users\GLB-BLR-002\Desktop\Scripts\EMPMonitor\screenshots\CurrentlyIdle_Test2023-01-12_11-24-19.png  'height ='250' width='250' /><br>]]>
            </line>
            <line>
              <![CDATA[<a href=\C:\Users\GLB-BLR-002\Desktop\Scripts\EMPMonitor\screenshots\CurrentlyIdle_Test2023-01-12_11-24-19.png><img src=C:\Users\GLB-BLR-002\Desktop\Scripts\EMPMonitor\screenshots\CurrentlyIdle_Test2023-01-12_11-24-19.png  height ='250'  width='250'/> </a>]]>
            </line>
          </reporter-output>
        </test-method> <!-- tearDown -->
        <test-method is-config="true" signature="initialization()[pri:0, instance:com.emp.test_cases.Admin.Page_1_Dashboard_Test@5e21e98f]" started-at="2023-01-12T11:24:20 IST" name="initialization" finished-at="2023-01-12T11:24:29 IST" duration-ms="9643" status="PASS">
          <reporter-output>
            <line>
              <![CDATA[<B><font color = 'orange'>Username .</font></B> Entered User ID]]>
            </line>
            <line>
              <![CDATA[<B><font color = 'orange'>Password .</font></B> Entered Password]]>
            </line>
            <line>
              <![CDATA[<B><font color = 'orange'>Client_check_Box .</font></B> Clicked on Client_check_Box]]>
            </line>
            <line>
              <![CDATA[<B><font color = 'orange'>Sign In Button .</font></B> Clicked on Submit Button]]>
            </line>
          </reporter-output>
        </test-method> <!-- initialization -->
        <test-method signature="Currently_Offline_Test()[pri:4, instance:com.emp.test_cases.Admin.Page_1_Dashboard_Test@5e21e98f]" started-at="2023-01-12T11:24:29 IST" name="Currently_Offline_Test" finished-at="2023-01-12T11:25:06 IST" duration-ms="36587" status="FAIL">
          <exception class="org.openqa.selenium.ElementClickInterceptedException">
            <message>
              <![CDATA[element click intercepted: Element <button type="button" class="btn btn-danger" data-dismiss="modal" style="border: solid 2px white">...</button> is not clickable at point (993, 380). Other element would receive the click: <iframe id="fc_widget" name="fc_widget" title="Chat" frameborder="0" allowfullscreen="true" webkitallowfullscreen="true" mozallowfullscreen="true"></iframe>
  (Session info: chrome=108.0.5359.125)
Build info: version: '4.4.0', revision: 'e5c75ed026a'
System info: host: 'DESKTOP-PJJHB19', ip: '192.168.11.167', os.name: 'Windows 10', os.arch: 'amd64', os.version: '10.0', java.version: '17.0.4.1'
Driver info: org.openqa.selenium.chrome.ChromeDriver
Command: [c2e90f2c4e611b1d7468e042d53b37aa, clickElement {id=97f00860-5f27-4d72-8150-ad296a763ee1}]
Capabilities {acceptInsecureCerts: false, browserName: chrome, browserVersion: 108.0.5359.125, chrome: {chromedriverVersion: 108.0.5359.71 (1e0e3868ee06..., userDataDir: C:\Users\GLB-BL~1\AppData\L...}, goog:chromeOptions: {debuggerAddress: localhost:53334}, networkConnectionEnabled: false, pageLoadStrategy: normal, platformName: WINDOWS, proxy: Proxy(), se:cdp: ws://localhost:53334/devtoo..., se:cdpVersion: 108.0.5359.125, setWindowRect: true, strictFileInteractability: false, timeouts: {implicit: 0, pageLoad: 300000, script: 30000}, unhandledPromptBehavior: dismiss and notify, webauthn:extension:credBlob: true, webauthn:extension:largeBlob: true, webauthn:virtualAuthenticators: true}
Element: [[ChromeDriver: chrome on WINDOWS (c2e90f2c4e611b1d7468e042d53b37aa)] -> xpath: //*[@id='Currently_Offline_count']/div/div/div[3]/button[2]]
Session ID: c2e90f2c4e611b1d7468e042d53b37aa]]>
            </message>
            <full-stacktrace>
              <![CDATA[org.openqa.selenium.ElementClickInterceptedException: element click intercepted: Element <button type="button" class="btn btn-danger" data-dismiss="modal" style="border: solid 2px white">...</button> is not clickable at point (993, 380). Other element would receive the click: <iframe id="fc_widget" name="fc_widget" title="Chat" frameborder="0" allowfullscreen="true" webkitallowfullscreen="true" mozallowfullscreen="true"></iframe>
  (Session info: chrome=108.0.5359.125)
Build info: version: '4.4.0', revision: 'e5c75ed026a'
System info: host: 'DESKTOP-PJJHB19', ip: '192.168.11.167', os.name: 'Windows 10', os.arch: 'amd64', os.version: '10.0', java.version: '17.0.4.1'
Driver info: org.openqa.selenium.chrome.ChromeDriver
Command: [c2e90f2c4e611b1d7468e042d53b37aa, clickElement {id=97f00860-5f27-4d72-8150-ad296a763ee1}]
Capabilities {acceptInsecureCerts: false, browserName: chrome, browserVersion: 108.0.5359.125, chrome: {chromedriverVersion: 108.0.5359.71 (1e0e3868ee06..., userDataDir: C:\Users\GLB-BL~1\AppData\L...}, goog:chromeOptions: {debuggerAddress: localhost:53334}, networkConnectionEnabled: false, pageLoadStrategy: normal, platformName: WINDOWS, proxy: Proxy(), se:cdp: ws://localhost:53334/devtoo..., se:cdpVersion: 108.0.5359.125, setWindowRect: true, strictFileInteractability: false, timeouts: {implicit: 0, pageLoad: 300000, script: 30000}, unhandledPromptBehavior: dismiss and notify, webauthn:extension:credBlob: true, webauthn:extension:largeBlob: true, webauthn:virtualAuthenticators: true}
Element: [[ChromeDriver: chrome on WINDOWS (c2e90f2c4e611b1d7468e042d53b37aa)] -> xpath: //*[@id='Currently_Offline_count']/div/div/div[3]/button[2]]
Session ID: c2e90f2c4e611b1d7468e042d53b37aa
at java.base/jdk.internal.reflect.NativeConstructorAccessorImpl.newInstance0(Native Method)
at java.base/jdk.internal.reflect.NativeConstructorAccessorImpl.newInstance(NativeConstructorAccessorImpl.java:77)
at java.base/jdk.internal.reflect.DelegatingConstructorAccessorImpl.newInstance(DelegatingConstructorAccessorImpl.java:45)
at java.base/java.lang.reflect.Constructor.newInstanceWithCaller(Constructor.java:499)
at java.base/java.lang.reflect.Constructor.newInstance(Constructor.java:480)
at org.openqa.selenium.remote.codec.w3c.W3CHttpResponseCodec.createException(W3CHttpResponseCodec.java:200)
at org.openqa.selenium.remote.codec.w3c.W3CHttpResponseCodec.decode(W3CHttpResponseCodec.java:133)
at org.openqa.selenium.remote.codec.w3c.W3CHttpResponseCodec.decode(W3CHttpResponseCodec.java:53)
at org.openqa.selenium.remote.HttpCommandExecutor.execute(HttpCommandExecutor.java:184)
at org.openqa.selenium.remote.service.DriverCommandExecutor.invokeExecute(DriverCommandExecutor.java:167)
at org.openqa.selenium.remote.service.DriverCommandExecutor.execute(DriverCommandExecutor.java:142)
at org.openqa.selenium.remote.RemoteWebDriver.execute(RemoteWebDriver.java:547)
at org.openqa.selenium.remote.RemoteWebElement.execute(RemoteWebElement.java:257)
at org.openqa.selenium.remote.RemoteWebElement.click(RemoteWebElement.java:78)
at jdk.internal.reflect.GeneratedMethodAccessor2.invoke(Unknown Source)
at java.base/jdk.internal.reflect.DelegatingMethodAccessorImpl.invoke(DelegatingMethodAccessorImpl.java:43)
at java.base/java.lang.reflect.Method.invoke(Method.java:568)
at org.openqa.selenium.support.pagefactory.internal.LocatingElementHandler.invoke(LocatingElementHandler.java:52)
at jdk.proxy2/jdk.proxy2.$Proxy17.click(Unknown Source)
at com.emp.qa.pages.Admin.Page_1__Dashboard.Currently_Offline_4(Page_1__Dashboard.java:720)
at com.emp.test_cases.Admin.Page_1_Dashboard_Test.Currently_Offline_Test(Page_1_Dashboard_Test.java:52)
at java.base/jdk.internal.reflect.NativeMethodAccessorImpl.invoke0(Native Method)
at java.base/jdk.internal.reflect.NativeMethodAccessorImpl.invoke(NativeMethodAccessorImpl.java:77)
at java.base/jdk.internal.reflect.DelegatingMethodAccessorImpl.invoke(DelegatingMethodAccessorImpl.java:43)
at java.base/java.lang.reflect.Method.invoke(Method.java:568)
at org.testng.internal.MethodInvocationHelper.invokeMethod(MethodInvocationHelper.java:133)
at org.testng.internal.TestInvoker.invokeMethod(TestInvoker.java:598)
at org.testng.internal.TestInvoker.invokeTestMethod(TestInvoker.java:173)
at org.testng.internal.MethodRunner.runInSequence(MethodRunner.java:46)
at org.testng.internal.TestInvoker$MethodInvocationAgent.invoke(TestInvoker.java:824)
at org.testng.internal.TestInvoker.invokeTestMethods(TestInvoker.java:146)
at org.testng.internal.TestMethodWorker.invokeTestMethods(TestMethodWorker.java:146)
at org.testng.internal.TestMethodWorker.run(TestMethodWorker.java:128)
at java.base/java.util.ArrayList.forEach(ArrayList.java:1511)
at org.testng.TestRunner.privateRun(TestRunner.java:794)
at org.testng.TestRunner.run(TestRunner.java:596)
at org.testng.SuiteRunner.runTest(SuiteRunner.java:377)
at org.testng.SuiteRunner.runSequentially(SuiteRunner.java:371)
at org.testng.SuiteRunner.privateRun(SuiteRunner.java:332)
at org.testng.SuiteRunner.run(SuiteRunner.java:276)
at org.testng.SuiteRunnerWorker.runSuite(SuiteRunnerWorker.java:53)
at org.testng.SuiteRunnerWorker.run(SuiteRunnerWorker.java:96)
at org.testng.TestNG.runSuitesSequentially(TestNG.java:1212)
at org.testng.TestNG.runSuitesLocally(TestNG.java:1134)
at org.testng.TestNG.runSuites(TestNG.java:1063)
at org.testng.TestNG.run(TestNG.java:1031)
at org.testng.remote.AbstractRemoteTestNG.run(AbstractRemoteTestNG.java:115)
at org.testng.remote.RemoteTestNG.initAndRun(RemoteTestNG.java:251)
at org.testng.remote.RemoteTestNG.main(RemoteTestNG.java:77)
]]>
            </full-stacktrace>
          </exception> <!-- org.openqa.selenium.ElementClickInterceptedException -->
          <reporter-output>
            <line>
              <![CDATA[<B><font color = 'blue'>Step1 .</font></B> Clicked on Currently_Offline option]]>
            </line>
            <line>
              <![CDATA[<B><font color = 'blue'> Step2 .</font></B> Currently_Offline Employes in main page Displayed=  1]]>
            </line>
            <line>
              <![CDATA[<B><font color = 'blue'> Step3 .</font></B> Currently_Offline modal page displayed => Showing 1 to 1 of 1]]>
            </line>
            <line>
              <![CDATA[<B><font color = 'blue'> Step4 .</font></B> Actual Currently_Offline users value =  1 equal  Expected Users  =  1]]>
            </line>
            <line>
              <![CDATA[<B><font color = 'blue'>Step5 .</font></B></B> Clicked on Currently_offline csv Button ]]>
            </line>
          </reporter-output>
        </test-method> <!-- Currently_Offline_Test -->
        <test-method is-config="true" signature="tearDown(org.testng.ITestResult)[pri:0, instance:com.emp.test_cases.Admin.Page_1_Dashboard_Test@5e21e98f]" started-at="2023-01-12T11:25:06 IST" name="tearDown" finished-at="2023-01-12T11:25:07 IST" duration-ms="667" status="PASS">
          <params>
            <param index="0">
              <value>
                <![CDATA[[TestResult name=Currently_Offline_Test status=FAILURE method=Page_1_Dashboard_Test.Currently_Offline_Test()[pri:4, instance:com.emp.test_cases.Admin.Page_1_Dashboard_Test@5e21e98f] output=<B><font color = 'blue'>Step1 .</font></B> Clicked on Currently_Offline option]]]>
              </value>
            </param>
          </params>
          <reporter-output>
            <line>
              <![CDATA[<br><img src='C:\Users\GLB-BLR-002\Desktop\Scripts\EMPMonitor\screenshots\Currently_Offline_Test2023-01-12_11-25-06.png  'height ='250' width='250' /><br>]]>
            </line>
            <line>
              <![CDATA[<a href=\C:\Users\GLB-BLR-002\Desktop\Scripts\EMPMonitor\screenshots\Currently_Offline_Test2023-01-12_11-25-06.png><img src=C:\Users\GLB-BLR-002\Desktop\Scripts\EMPMonitor\screenshots\Currently_Offline_Test2023-01-12_11-25-06.png  height ='250'  width='250'/> </a>]]>
            </line>
          </reporter-output>
        </test-method> <!-- tearDown -->
        <test-method is-config="true" signature="initialization()[pri:0, instance:com.emp.test_cases.Admin.Page_1_Dashboard_Test@5e21e98f]" started-at="2023-01-12T11:25:07 IST" name="initialization" finished-at="2023-01-12T11:25:16 IST" duration-ms="9895" status="PASS">
          <reporter-output>
            <line>
              <![CDATA[<B><font color = 'orange'>Username .</font></B> Entered User ID]]>
            </line>
            <line>
              <![CDATA[<B><font color = 'orange'>Password .</font></B> Entered Password]]>
            </line>
            <line>
              <![CDATA[<B><font color = 'orange'>Client_check_Box .</font></B> Clicked on Client_check_Box]]>
            </line>
            <line>
              <![CDATA[<B><font color = 'orange'>Sign In Button .</font></B> Clicked on Submit Button]]>
            </line>
          </reporter-output>
        </test-method> <!-- initialization -->
        <test-method signature="Absent_Users_Test()[pri:5, instance:com.emp.test_cases.Admin.Page_1_Dashboard_Test@5e21e98f]" started-at="2023-01-12T11:25:16 IST" name="Absent_Users_Test" finished-at="2023-01-12T11:25:53 IST" duration-ms="36725" status="FAIL">
          <exception class="org.openqa.selenium.ElementClickInterceptedException">
            <message>
              <![CDATA[element click intercepted: Element <button type="button" class="btn btn-danger" data-dismiss="modal" style="border: solid 2px white">...</button> is not clickable at point (993, 451). Other element would receive the click: <iframe id="fc_widget" name="fc_widget" title="Chat" frameborder="0" allowfullscreen="true" webkitallowfullscreen="true" mozallowfullscreen="true"></iframe>
  (Session info: chrome=108.0.5359.125)
Build info: version: '4.4.0', revision: 'e5c75ed026a'
System info: host: 'DESKTOP-PJJHB19', ip: '192.168.11.167', os.name: 'Windows 10', os.arch: 'amd64', os.version: '10.0', java.version: '17.0.4.1'
Driver info: org.openqa.selenium.chrome.ChromeDriver
Command: [20938e07ce887822476d8dcbe63e51d3, clickElement {id=33309991-ac65-4036-ae86-38efa403b6fe}]
Capabilities {acceptInsecureCerts: false, browserName: chrome, browserVersion: 108.0.5359.125, chrome: {chromedriverVersion: 108.0.5359.71 (1e0e3868ee06..., userDataDir: C:\Users\GLB-BL~1\AppData\L...}, goog:chromeOptions: {debuggerAddress: localhost:53513}, networkConnectionEnabled: false, pageLoadStrategy: normal, platformName: WINDOWS, proxy: Proxy(), se:cdp: ws://localhost:53513/devtoo..., se:cdpVersion: 108.0.5359.125, setWindowRect: true, strictFileInteractability: false, timeouts: {implicit: 0, pageLoad: 300000, script: 30000}, unhandledPromptBehavior: dismiss and notify, webauthn:extension:credBlob: true, webauthn:extension:largeBlob: true, webauthn:virtualAuthenticators: true}
Element: [[ChromeDriver: chrome on WINDOWS (20938e07ce887822476d8dcbe63e51d3)] -> xpath: //*[@id="Absent_count"]/div/div/div[3]/button[2]]
Session ID: 20938e07ce887822476d8dcbe63e51d3]]>
            </message>
            <full-stacktrace>
              <![CDATA[org.openqa.selenium.ElementClickInterceptedException: element click intercepted: Element <button type="button" class="btn btn-danger" data-dismiss="modal" style="border: solid 2px white">...</button> is not clickable at point (993, 451). Other element would receive the click: <iframe id="fc_widget" name="fc_widget" title="Chat" frameborder="0" allowfullscreen="true" webkitallowfullscreen="true" mozallowfullscreen="true"></iframe>
  (Session info: chrome=108.0.5359.125)
Build info: version: '4.4.0', revision: 'e5c75ed026a'
System info: host: 'DESKTOP-PJJHB19', ip: '192.168.11.167', os.name: 'Windows 10', os.arch: 'amd64', os.version: '10.0', java.version: '17.0.4.1'
Driver info: org.openqa.selenium.chrome.ChromeDriver
Command: [20938e07ce887822476d8dcbe63e51d3, clickElement {id=33309991-ac65-4036-ae86-38efa403b6fe}]
Capabilities {acceptInsecureCerts: false, browserName: chrome, browserVersion: 108.0.5359.125, chrome: {chromedriverVersion: 108.0.5359.71 (1e0e3868ee06..., userDataDir: C:\Users\GLB-BL~1\AppData\L...}, goog:chromeOptions: {debuggerAddress: localhost:53513}, networkConnectionEnabled: false, pageLoadStrategy: normal, platformName: WINDOWS, proxy: Proxy(), se:cdp: ws://localhost:53513/devtoo..., se:cdpVersion: 108.0.5359.125, setWindowRect: true, strictFileInteractability: false, timeouts: {implicit: 0, pageLoad: 300000, script: 30000}, unhandledPromptBehavior: dismiss and notify, webauthn:extension:credBlob: true, webauthn:extension:largeBlob: true, webauthn:virtualAuthenticators: true}
Element: [[ChromeDriver: chrome on WINDOWS (20938e07ce887822476d8dcbe63e51d3)] -> xpath: //*[@id="Absent_count"]/div/div/div[3]/button[2]]
Session ID: 20938e07ce887822476d8dcbe63e51d3
at java.base/jdk.internal.reflect.NativeConstructorAccessorImpl.newInstance0(Native Method)
at java.base/jdk.internal.reflect.NativeConstructorAccessorImpl.newInstance(NativeConstructorAccessorImpl.java:77)
at java.base/jdk.internal.reflect.DelegatingConstructorAccessorImpl.newInstance(DelegatingConstructorAccessorImpl.java:45)
at java.base/java.lang.reflect.Constructor.newInstanceWithCaller(Constructor.java:499)
at java.base/java.lang.reflect.Constructor.newInstance(Constructor.java:480)
at org.openqa.selenium.remote.codec.w3c.W3CHttpResponseCodec.createException(W3CHttpResponseCodec.java:200)
at org.openqa.selenium.remote.codec.w3c.W3CHttpResponseCodec.decode(W3CHttpResponseCodec.java:133)
at org.openqa.selenium.remote.codec.w3c.W3CHttpResponseCodec.decode(W3CHttpResponseCodec.java:53)
at org.openqa.selenium.remote.HttpCommandExecutor.execute(HttpCommandExecutor.java:184)
at org.openqa.selenium.remote.service.DriverCommandExecutor.invokeExecute(DriverCommandExecutor.java:167)
at org.openqa.selenium.remote.service.DriverCommandExecutor.execute(DriverCommandExecutor.java:142)
at org.openqa.selenium.remote.RemoteWebDriver.execute(RemoteWebDriver.java:547)
at org.openqa.selenium.remote.RemoteWebElement.execute(RemoteWebElement.java:257)
at org.openqa.selenium.remote.RemoteWebElement.click(RemoteWebElement.java:78)
at jdk.internal.reflect.GeneratedMethodAccessor2.invoke(Unknown Source)
at java.base/jdk.internal.reflect.DelegatingMethodAccessorImpl.invoke(DelegatingMethodAccessorImpl.java:43)
at java.base/java.lang.reflect.Method.invoke(Method.java:568)
at org.openqa.selenium.support.pagefactory.internal.LocatingElementHandler.invoke(LocatingElementHandler.java:52)
at jdk.proxy2/jdk.proxy2.$Proxy17.click(Unknown Source)
at com.emp.qa.pages.Admin.Page_1__Dashboard.Absent_Users_5(Page_1__Dashboard.java:782)
at com.emp.test_cases.Admin.Page_1_Dashboard_Test.Absent_Users_Test(Page_1_Dashboard_Test.java:62)
at java.base/jdk.internal.reflect.NativeMethodAccessorImpl.invoke0(Native Method)
at java.base/jdk.internal.reflect.NativeMethodAccessorImpl.invoke(NativeMethodAccessorImpl.java:77)
at java.base/jdk.internal.reflect.DelegatingMethodAccessorImpl.invoke(DelegatingMethodAccessorImpl.java:43)
at java.base/java.lang.reflect.Method.invoke(Method.java:568)
at org.testng.internal.MethodInvocationHelper.invokeMethod(MethodInvocationHelper.java:133)
at org.testng.internal.TestInvoker.invokeMethod(TestInvoker.java:598)
at org.testng.internal.TestInvoker.invokeTestMethod(TestInvoker.java:173)
at org.testng.internal.MethodRunner.runInSequence(MethodRunner.java:46)
at org.testng.internal.TestInvoker$MethodInvocationAgent.invoke(TestInvoker.java:824)
at org.testng.internal.TestInvoker.invokeTestMethods(TestInvoker.java:146)
at org.testng.internal.TestMethodWorker.invokeTestMethods(TestMethodWorker.java:146)
at org.testng.internal.TestMethodWorker.run(TestMethodWorker.java:128)
at java.base/java.util.ArrayList.forEach(ArrayList.java:1511)
at org.testng.TestRunner.privateRun(TestRunner.java:794)
at org.testng.TestRunner.run(TestRunner.java:596)
at org.testng.SuiteRunner.runTest(SuiteRunner.java:377)
at org.testng.SuiteRunner.runSequentially(SuiteRunner.java:371)
at org.testng.SuiteRunner.privateRun(SuiteRunner.java:332)
at org.testng.SuiteRunner.run(SuiteRunner.java:276)
at org.testng.SuiteRunnerWorker.runSuite(SuiteRunnerWorker.java:53)
at org.testng.SuiteRunnerWorker.run(SuiteRunnerWorker.java:96)
at org.testng.TestNG.runSuitesSequentially(TestNG.java:1212)
at org.testng.TestNG.runSuitesLocally(TestNG.java:1134)
at org.testng.TestNG.runSuites(TestNG.java:1063)
at org.testng.TestNG.run(TestNG.java:1031)
at org.testng.remote.AbstractRemoteTestNG.run(AbstractRemoteTestNG.java:115)
at org.testng.remote.RemoteTestNG.initAndRun(RemoteTestNG.java:251)
at org.testng.remote.RemoteTestNG.main(RemoteTestNG.java:77)
]]>
            </full-stacktrace>
          </exception> <!-- org.openqa.selenium.ElementClickInterceptedException -->
          <reporter-output>
            <line>
              <![CDATA[<B><font color = 'blue'>Step1 .</font></B></B> Clicked on Absent_Users option]]>
            </line>
            <line>
              <![CDATA[<B><font color = 'blue'> Step2 .</font></B> Absent_Users Employes in main page Displayed=  5]]>
            </line>
            <line>
              <![CDATA[<B><font color = 'blue'> Step3 .</font></B> Absent_Users modal page displayed => Showing 1 to 5 of 5]]>
            </line>
            <line>
              <![CDATA[<B><font color = 'blue'> Step4 .</font></B> Actual Absent_Users users value =  5 equal  Expected Users  =  5]]>
            </line>
            <line>
              <![CDATA[<B><font color = 'blue'>Step5 .</font></B> Clicked on Absent_Users_Generate csv Button ]]>
            </line>
          </reporter-output>
        </test-method> <!-- Absent_Users_Test -->
        <test-method is-config="true" signature="tearDown(org.testng.ITestResult)[pri:0, instance:com.emp.test_cases.Admin.Page_1_Dashboard_Test@5e21e98f]" started-at="2023-01-12T11:25:53 IST" name="tearDown" finished-at="2023-01-12T11:25:54 IST" duration-ms="654" status="PASS">
          <params>
            <param index="0">
              <value>
                <![CDATA[[TestResult name=Absent_Users_Test status=FAILURE method=Page_1_Dashboard_Test.Absent_Users_Test()[pri:5, instance:com.emp.test_cases.Admin.Page_1_Dashboard_Test@5e21e98f] output=<B><font color = 'blue'>Step1 .</font></B></B> Clicked on Absent_Users option]]]>
              </value>
            </param>
          </params>
          <reporter-output>
            <line>
              <![CDATA[<br><img src='C:\Users\GLB-BLR-002\Desktop\Scripts\EMPMonitor\screenshots\Absent_Users_Test2023-01-12_11-25-53.png  'height ='250' width='250' /><br>]]>
            </line>
            <line>
              <![CDATA[<a href=\C:\Users\GLB-BLR-002\Desktop\Scripts\EMPMonitor\screenshots\Absent_Users_Test2023-01-12_11-25-53.png><img src=C:\Users\GLB-BLR-002\Desktop\Scripts\EMPMonitor\screenshots\Absent_Users_Test2023-01-12_11-25-53.png  height ='250'  width='250'/> </a>]]>
            </line>
          </reporter-output>
        </test-method> <!-- tearDown -->
        <test-method is-config="true" signature="initialization()[pri:0, instance:com.emp.test_cases.Admin.Page_1_Dashboard_Test@5e21e98f]" started-at="2023-01-12T11:25:54 IST" name="initialization" finished-at="2023-01-12T11:26:03 IST" duration-ms="9448" status="PASS">
          <reporter-output>
            <line>
              <![CDATA[<B><font color = 'orange'>Username .</font></B> Entered User ID]]>
            </line>
            <line>
              <![CDATA[<B><font color = 'orange'>Password .</font></B> Entered Password]]>
            </line>
            <line>
              <![CDATA[<B><font color = 'orange'>Client_check_Box .</font></B> Clicked on Client_check_Box]]>
            </line>
            <line>
              <![CDATA[<B><font color = 'orange'>Sign In Button .</font></B> Clicked on Submit Button]]>
            </line>
          </reporter-output>
        </test-method> <!-- initialization -->
        <test-method signature="Suspended_Users_Test()[pri:6, instance:com.emp.test_cases.Admin.Page_1_Dashboard_Test@5e21e98f]" started-at="2023-01-12T11:26:03 IST" name="Suspended_Users_Test" finished-at="2023-01-12T11:26:41 IST" duration-ms="37633" status="FAIL">
          <exception class="org.openqa.selenium.ElementClickInterceptedException">
            <message>
              <![CDATA[element click intercepted: Element <button type="button" class="btn btn-danger" data-dismiss="modal" style="border: solid 2px white">...</button> is not clickable at point (993, 361). Other element would receive the click: <iframe id="fc_widget" name="fc_widget" title="Chat" frameborder="0" allowfullscreen="true" webkitallowfullscreen="true" mozallowfullscreen="true"></iframe>
  (Session info: chrome=108.0.5359.125)
Build info: version: '4.4.0', revision: 'e5c75ed026a'
System info: host: 'DESKTOP-PJJHB19', ip: '192.168.11.167', os.name: 'Windows 10', os.arch: 'amd64', os.version: '10.0', java.version: '17.0.4.1'
Driver info: org.openqa.selenium.chrome.ChromeDriver
Command: [d9cc6877b6959f8082b4609b076316e4, clickElement {id=ecc636ee-f17e-4c50-acd9-9da44ee95acc}]
Capabilities {acceptInsecureCerts: false, browserName: chrome, browserVersion: 108.0.5359.125, chrome: {chromedriverVersion: 108.0.5359.71 (1e0e3868ee06..., userDataDir: C:\Users\GLB-BL~1\AppData\L...}, goog:chromeOptions: {debuggerAddress: localhost:53686}, networkConnectionEnabled: false, pageLoadStrategy: normal, platformName: WINDOWS, proxy: Proxy(), se:cdp: ws://localhost:53686/devtoo..., se:cdpVersion: 108.0.5359.125, setWindowRect: true, strictFileInteractability: false, timeouts: {implicit: 0, pageLoad: 300000, script: 30000}, unhandledPromptBehavior: dismiss and notify, webauthn:extension:credBlob: true, webauthn:extension:largeBlob: true, webauthn:virtualAuthenticators: true}
Element: [[ChromeDriver: chrome on WINDOWS (d9cc6877b6959f8082b4609b076316e4)] -> xpath: //*[@id='suspended_count']/div/div/div[3]/button[2]]
Session ID: d9cc6877b6959f8082b4609b076316e4]]>
            </message>
            <full-stacktrace>
              <![CDATA[org.openqa.selenium.ElementClickInterceptedException: element click intercepted: Element <button type="button" class="btn btn-danger" data-dismiss="modal" style="border: solid 2px white">...</button> is not clickable at point (993, 361). Other element would receive the click: <iframe id="fc_widget" name="fc_widget" title="Chat" frameborder="0" allowfullscreen="true" webkitallowfullscreen="true" mozallowfullscreen="true"></iframe>
  (Session info: chrome=108.0.5359.125)
Build info: version: '4.4.0', revision: 'e5c75ed026a'
System info: host: 'DESKTOP-PJJHB19', ip: '192.168.11.167', os.name: 'Windows 10', os.arch: 'amd64', os.version: '10.0', java.version: '17.0.4.1'
Driver info: org.openqa.selenium.chrome.ChromeDriver
Command: [d9cc6877b6959f8082b4609b076316e4, clickElement {id=ecc636ee-f17e-4c50-acd9-9da44ee95acc}]
Capabilities {acceptInsecureCerts: false, browserName: chrome, browserVersion: 108.0.5359.125, chrome: {chromedriverVersion: 108.0.5359.71 (1e0e3868ee06..., userDataDir: C:\Users\GLB-BL~1\AppData\L...}, goog:chromeOptions: {debuggerAddress: localhost:53686}, networkConnectionEnabled: false, pageLoadStrategy: normal, platformName: WINDOWS, proxy: Proxy(), se:cdp: ws://localhost:53686/devtoo..., se:cdpVersion: 108.0.5359.125, setWindowRect: true, strictFileInteractability: false, timeouts: {implicit: 0, pageLoad: 300000, script: 30000}, unhandledPromptBehavior: dismiss and notify, webauthn:extension:credBlob: true, webauthn:extension:largeBlob: true, webauthn:virtualAuthenticators: true}
Element: [[ChromeDriver: chrome on WINDOWS (d9cc6877b6959f8082b4609b076316e4)] -> xpath: //*[@id='suspended_count']/div/div/div[3]/button[2]]
Session ID: d9cc6877b6959f8082b4609b076316e4
at java.base/jdk.internal.reflect.NativeConstructorAccessorImpl.newInstance0(Native Method)
at java.base/jdk.internal.reflect.NativeConstructorAccessorImpl.newInstance(NativeConstructorAccessorImpl.java:77)
at java.base/jdk.internal.reflect.DelegatingConstructorAccessorImpl.newInstance(DelegatingConstructorAccessorImpl.java:45)
at java.base/java.lang.reflect.Constructor.newInstanceWithCaller(Constructor.java:499)
at java.base/java.lang.reflect.Constructor.newInstance(Constructor.java:480)
at org.openqa.selenium.remote.codec.w3c.W3CHttpResponseCodec.createException(W3CHttpResponseCodec.java:200)
at org.openqa.selenium.remote.codec.w3c.W3CHttpResponseCodec.decode(W3CHttpResponseCodec.java:133)
at org.openqa.selenium.remote.codec.w3c.W3CHttpResponseCodec.decode(W3CHttpResponseCodec.java:53)
at org.openqa.selenium.remote.HttpCommandExecutor.execute(HttpCommandExecutor.java:184)
at org.openqa.selenium.remote.service.DriverCommandExecutor.invokeExecute(DriverCommandExecutor.java:167)
at org.openqa.selenium.remote.service.DriverCommandExecutor.execute(DriverCommandExecutor.java:142)
at org.openqa.selenium.remote.RemoteWebDriver.execute(RemoteWebDriver.java:547)
at org.openqa.selenium.remote.RemoteWebElement.execute(RemoteWebElement.java:257)
at org.openqa.selenium.remote.RemoteWebElement.click(RemoteWebElement.java:78)
at jdk.internal.reflect.GeneratedMethodAccessor2.invoke(Unknown Source)
at java.base/jdk.internal.reflect.DelegatingMethodAccessorImpl.invoke(DelegatingMethodAccessorImpl.java:43)
at java.base/java.lang.reflect.Method.invoke(Method.java:568)
at org.openqa.selenium.support.pagefactory.internal.LocatingElementHandler.invoke(LocatingElementHandler.java:52)
at jdk.proxy2/jdk.proxy2.$Proxy17.click(Unknown Source)
at com.emp.qa.pages.Admin.Page_1__Dashboard.Suspended_Users_6(Page_1__Dashboard.java:848)
at com.emp.test_cases.Admin.Page_1_Dashboard_Test.Suspended_Users_Test(Page_1_Dashboard_Test.java:72)
at java.base/jdk.internal.reflect.NativeMethodAccessorImpl.invoke0(Native Method)
at java.base/jdk.internal.reflect.NativeMethodAccessorImpl.invoke(NativeMethodAccessorImpl.java:77)
at java.base/jdk.internal.reflect.DelegatingMethodAccessorImpl.invoke(DelegatingMethodAccessorImpl.java:43)
at java.base/java.lang.reflect.Method.invoke(Method.java:568)
at org.testng.internal.MethodInvocationHelper.invokeMethod(MethodInvocationHelper.java:133)
at org.testng.internal.TestInvoker.invokeMethod(TestInvoker.java:598)
at org.testng.internal.TestInvoker.invokeTestMethod(TestInvoker.java:173)
at org.testng.internal.MethodRunner.runInSequence(MethodRunner.java:46)
at org.testng.internal.TestInvoker$MethodInvocationAgent.invoke(TestInvoker.java:824)
at org.testng.internal.TestInvoker.invokeTestMethods(TestInvoker.java:146)
at org.testng.internal.TestMethodWorker.invokeTestMethods(TestMethodWorker.java:146)
at org.testng.internal.TestMethodWorker.run(TestMethodWorker.java:128)
at java.base/java.util.ArrayList.forEach(ArrayList.java:1511)
at org.testng.TestRunner.privateRun(TestRunner.java:794)
at org.testng.TestRunner.run(TestRunner.java:596)
at org.testng.SuiteRunner.runTest(SuiteRunner.java:377)
at org.testng.SuiteRunner.runSequentially(SuiteRunner.java:371)
at org.testng.SuiteRunner.privateRun(SuiteRunner.java:332)
at org.testng.SuiteRunner.run(SuiteRunner.java:276)
at org.testng.SuiteRunnerWorker.runSuite(SuiteRunnerWorker.java:53)
at org.testng.SuiteRunnerWorker.run(SuiteRunnerWorker.java:96)
at org.testng.TestNG.runSuitesSequentially(TestNG.java:1212)
at org.testng.TestNG.runSuitesLocally(TestNG.java:1134)
at org.testng.TestNG.runSuites(TestNG.java:1063)
at org.testng.TestNG.run(TestNG.java:1031)
at org.testng.remote.AbstractRemoteTestNG.run(AbstractRemoteTestNG.java:115)
at org.testng.remote.RemoteTestNG.initAndRun(RemoteTestNG.java:251)
at org.testng.remote.RemoteTestNG.main(RemoteTestNG.java:77)
]]>
            </full-stacktrace>
          </exception> <!-- org.openqa.selenium.ElementClickInterceptedException -->
          <reporter-output>
            <line>
              <![CDATA[<B><font color = 'blue'>Step1 .</font></B> Clicked on Suspended_Users option]]>
            </line>
            <line>
              <![CDATA[<B><font color = 'blue'> Step2 .</font></B> Suspended_Users Employes in main page Displayed=  0]]>
            </line>
            <line>
              <![CDATA[<B><font color = 'blue'> Step3 .</font></B> Suspended_Users modal page displayed => Showing 0 to 0 of 0]]>
            </line>
            <line>
              <![CDATA[<B><font color = 'blue'> Step4 .</font></B> Actual Suspended_Users users value =  0 equal  Expected Users  =  0]]>
            </line>
            <line>
              <![CDATA[<B><font color = 'blue'>Step5 .</font></B> Clicked on Suspended_Users csv Button ]]>
            </line>
          </reporter-output>
        </test-method> <!-- Suspended_Users_Test -->
        <test-method is-config="true" signature="tearDown(org.testng.ITestResult)[pri:0, instance:com.emp.test_cases.Admin.Page_1_Dashboard_Test@5e21e98f]" started-at="2023-01-12T11:26:41 IST" name="tearDown" finished-at="2023-01-12T11:26:42 IST" duration-ms="779" status="PASS">
          <params>
            <param index="0">
              <value>
                <![CDATA[[TestResult name=Suspended_Users_Test status=FAILURE method=Page_1_Dashboard_Test.Suspended_Users_Test()[pri:6, instance:com.emp.test_cases.Admin.Page_1_Dashboard_Test@5e21e98f] output=<B><font color = 'blue'>Step1 .</font></B> Clicked on Suspended_Users option]]]>
              </value>
            </param>
          </params>
          <reporter-output>
            <line>
              <![CDATA[<br><img src='C:\Users\GLB-BLR-002\Desktop\Scripts\EMPMonitor\screenshots\Suspended_Users_Test2023-01-12_11-26-41.png  'height ='250' width='250' /><br>]]>
            </line>
            <line>
              <![CDATA[<a href=\C:\Users\GLB-BLR-002\Desktop\Scripts\EMPMonitor\screenshots\Suspended_Users_Test2023-01-12_11-26-41.png><img src=C:\Users\GLB-BLR-002\Desktop\Scripts\EMPMonitor\screenshots\Suspended_Users_Test2023-01-12_11-26-41.png  height ='250'  width='250'/> </a>]]>
            </line>
          </reporter-output>
        </test-method> <!-- tearDown -->
        <test-method is-config="true" signature="initialization()[pri:0, instance:com.emp.test_cases.Admin.Page_1_Dashboard_Test@5e21e98f]" started-at="2023-01-12T11:26:42 IST" name="initialization" finished-at="2023-01-12T11:26:51 IST" duration-ms="9493" status="PASS">
          <reporter-output>
            <line>
              <![CDATA[<B><font color = 'orange'>Username .</font></B> Entered User ID]]>
            </line>
            <line>
              <![CDATA[<B><font color = 'orange'>Password .</font></B> Entered Password]]>
            </line>
            <line>
              <![CDATA[<B><font color = 'orange'>Client_check_Box .</font></B> Clicked on Client_check_Box]]>
            </line>
            <line>
              <![CDATA[<B><font color = 'orange'>Sign In Button .</font></B> Clicked on Submit Button]]>
            </line>
          </reporter-output>
        </test-method> <!-- initialization -->
        <test-method signature="Top10ProductiveEmployees_Locations_Test()[pri:7, instance:com.emp.test_cases.Admin.Page_1_Dashboard_Test@5e21e98f]" started-at="2023-01-12T11:26:51 IST" name="Top10ProductiveEmployees_Locations_Test" finished-at="2023-01-12T11:27:03 IST" duration-ms="11728" status="FAIL">
          <exception class="org.openqa.selenium.ElementClickInterceptedException">
            <message>
              <![CDATA[element click intercepted: Element <select class="form-control" id="productive_location" onchange="getDepartmentsLoc($('#productive_location').val(), 'Productive')" style="border: solid 2px white">...</select> is not clickable at point (375, 20). Other element would receive the click: <div class="collapse navbar-collapse justify-content-between" id="bs-example-navbar-collapse-1">...</div>
  (Session info: chrome=108.0.5359.125)
Build info: version: '4.4.0', revision: 'e5c75ed026a'
System info: host: 'DESKTOP-PJJHB19', ip: '192.168.11.167', os.name: 'Windows 10', os.arch: 'amd64', os.version: '10.0', java.version: '17.0.4.1'
Driver info: org.openqa.selenium.chrome.ChromeDriver
Command: [b6203b9c0ec3b251895df73fa38ef73e, clickElement {id=0c57c4ff-5cec-4a40-801a-3a30b380b160}]
Capabilities {acceptInsecureCerts: false, browserName: chrome, browserVersion: 108.0.5359.125, chrome: {chromedriverVersion: 108.0.5359.71 (1e0e3868ee06..., userDataDir: C:\Users\GLB-BL~1\AppData\L...}, goog:chromeOptions: {debuggerAddress: localhost:53857}, networkConnectionEnabled: false, pageLoadStrategy: normal, platformName: WINDOWS, proxy: Proxy(), se:cdp: ws://localhost:53857/devtoo..., se:cdpVersion: 108.0.5359.125, setWindowRect: true, strictFileInteractability: false, timeouts: {implicit: 0, pageLoad: 300000, script: 30000}, unhandledPromptBehavior: dismiss and notify, webauthn:extension:credBlob: true, webauthn:extension:largeBlob: true, webauthn:virtualAuthenticators: true}
Element: [[ChromeDriver: chrome on WINDOWS (b6203b9c0ec3b251895df73fa38ef73e)] -> xpath: //*[@id="productive_location"]]
Session ID: b6203b9c0ec3b251895df73fa38ef73e]]>
            </message>
            <full-stacktrace>
              <![CDATA[org.openqa.selenium.ElementClickInterceptedException: element click intercepted: Element <select class="form-control" id="productive_location" onchange="getDepartmentsLoc($('#productive_location').val(), 'Productive')" style="border: solid 2px white">...</select> is not clickable at point (375, 20). Other element would receive the click: <div class="collapse navbar-collapse justify-content-between" id="bs-example-navbar-collapse-1">...</div>
  (Session info: chrome=108.0.5359.125)
Build info: version: '4.4.0', revision: 'e5c75ed026a'
System info: host: 'DESKTOP-PJJHB19', ip: '192.168.11.167', os.name: 'Windows 10', os.arch: 'amd64', os.version: '10.0', java.version: '17.0.4.1'
Driver info: org.openqa.selenium.chrome.ChromeDriver
Command: [b6203b9c0ec3b251895df73fa38ef73e, clickElement {id=0c57c4ff-5cec-4a40-801a-3a30b380b160}]
Capabilities {acceptInsecureCerts: false, browserName: chrome, browserVersion: 108.0.5359.125, chrome: {chromedriverVersion: 108.0.5359.71 (1e0e3868ee06..., userDataDir: C:\Users\GLB-BL~1\AppData\L...}, goog:chromeOptions: {debuggerAddress: localhost:53857}, networkConnectionEnabled: false, pageLoadStrategy: normal, platformName: WINDOWS, proxy: Proxy(), se:cdp: ws://localhost:53857/devtoo..., se:cdpVersion: 108.0.5359.125, setWindowRect: true, strictFileInteractability: false, timeouts: {implicit: 0, pageLoad: 300000, script: 30000}, unhandledPromptBehavior: dismiss and notify, webauthn:extension:credBlob: true, webauthn:extension:largeBlob: true, webauthn:virtualAuthenticators: true}
Element: [[ChromeDriver: chrome on WINDOWS (b6203b9c0ec3b251895df73fa38ef73e)] -> xpath: //*[@id="productive_location"]]
Session ID: b6203b9c0ec3b251895df73fa38ef73e
at java.base/jdk.internal.reflect.NativeConstructorAccessorImpl.newInstance0(Native Method)
at java.base/jdk.internal.reflect.NativeConstructorAccessorImpl.newInstance(NativeConstructorAccessorImpl.java:77)
at java.base/jdk.internal.reflect.DelegatingConstructorAccessorImpl.newInstance(DelegatingConstructorAccessorImpl.java:45)
at java.base/java.lang.reflect.Constructor.newInstanceWithCaller(Constructor.java:499)
at java.base/java.lang.reflect.Constructor.newInstance(Constructor.java:480)
at org.openqa.selenium.remote.codec.w3c.W3CHttpResponseCodec.createException(W3CHttpResponseCodec.java:200)
at org.openqa.selenium.remote.codec.w3c.W3CHttpResponseCodec.decode(W3CHttpResponseCodec.java:133)
at org.openqa.selenium.remote.codec.w3c.W3CHttpResponseCodec.decode(W3CHttpResponseCodec.java:53)
at org.openqa.selenium.remote.HttpCommandExecutor.execute(HttpCommandExecutor.java:184)
at org.openqa.selenium.remote.service.DriverCommandExecutor.invokeExecute(DriverCommandExecutor.java:167)
at org.openqa.selenium.remote.service.DriverCommandExecutor.execute(DriverCommandExecutor.java:142)
at org.openqa.selenium.remote.RemoteWebDriver.execute(RemoteWebDriver.java:547)
at org.openqa.selenium.remote.RemoteWebElement.execute(RemoteWebElement.java:257)
at org.openqa.selenium.remote.RemoteWebElement.click(RemoteWebElement.java:78)
at jdk.internal.reflect.GeneratedMethodAccessor2.invoke(Unknown Source)
at java.base/jdk.internal.reflect.DelegatingMethodAccessorImpl.invoke(DelegatingMethodAccessorImpl.java:43)
at java.base/java.lang.reflect.Method.invoke(Method.java:568)
at org.openqa.selenium.support.pagefactory.internal.LocatingElementHandler.invoke(LocatingElementHandler.java:52)
at jdk.proxy2/jdk.proxy2.$Proxy17.click(Unknown Source)
at com.emp.qa.pages.Admin.Page_1__Dashboard.Top10ProductiveEmployees_Locations_7(Page_1__Dashboard.java:865)
at com.emp.test_cases.Admin.Page_1_Dashboard_Test.Top10ProductiveEmployees_Locations_Test(Page_1_Dashboard_Test.java:82)
at java.base/jdk.internal.reflect.NativeMethodAccessorImpl.invoke0(Native Method)
at java.base/jdk.internal.reflect.NativeMethodAccessorImpl.invoke(NativeMethodAccessorImpl.java:77)
at java.base/jdk.internal.reflect.DelegatingMethodAccessorImpl.invoke(DelegatingMethodAccessorImpl.java:43)
at java.base/java.lang.reflect.Method.invoke(Method.java:568)
at org.testng.internal.MethodInvocationHelper.invokeMethod(MethodInvocationHelper.java:133)
at org.testng.internal.TestInvoker.invokeMethod(TestInvoker.java:598)
at org.testng.internal.TestInvoker.invokeTestMethod(TestInvoker.java:173)
at org.testng.internal.MethodRunner.runInSequence(MethodRunner.java:46)
at org.testng.internal.TestInvoker$MethodInvocationAgent.invoke(TestInvoker.java:824)
at org.testng.internal.TestInvoker.invokeTestMethods(TestInvoker.java:146)
at org.testng.internal.TestMethodWorker.invokeTestMethods(TestMethodWorker.java:146)
at org.testng.internal.TestMethodWorker.run(TestMethodWorker.java:128)
at java.base/java.util.ArrayList.forEach(ArrayList.java:1511)
at org.testng.TestRunner.privateRun(TestRunner.java:794)
at org.testng.TestRunner.run(TestRunner.java:596)
at org.testng.SuiteRunner.runTest(SuiteRunner.java:377)
at org.testng.SuiteRunner.runSequentially(SuiteRunner.java:371)
at org.testng.SuiteRunner.privateRun(SuiteRunner.java:332)
at org.testng.SuiteRunner.run(SuiteRunner.java:276)
at org.testng.SuiteRunnerWorker.runSuite(SuiteRunnerWorker.java:53)
at org.testng.SuiteRunnerWorker.run(SuiteRunnerWorker.java:96)
at org.testng.TestNG.runSuitesSequentially(TestNG.java:1212)
at org.testng.TestNG.runSuitesLocally(TestNG.java:1134)
at org.testng.TestNG.runSuites(TestNG.java:1063)
at org.testng.TestNG.run(TestNG.java:1031)
at org.testng.remote.AbstractRemoteTestNG.run(AbstractRemoteTestNG.java:115)
at org.testng.remote.RemoteTestNG.initAndRun(RemoteTestNG.java:251)
at org.testng.remote.RemoteTestNG.main(RemoteTestNG.java:77)
]]>
            </full-stacktrace>
          </exception> <!-- org.openqa.selenium.ElementClickInterceptedException -->
          <reporter-output>
          </reporter-output>
        </test-method> <!-- Top10ProductiveEmployees_Locations_Test -->
        <test-method is-config="true" signature="tearDown(org.testng.ITestResult)[pri:0, instance:com.emp.test_cases.Admin.Page_1_Dashboard_Test@5e21e98f]" started-at="2023-01-12T11:27:03 IST" name="tearDown" finished-at="2023-01-12T11:27:04 IST" duration-ms="689" status="PASS">
          <params>
            <param index="0">
              <value>
                <![CDATA[[TestResult name=Top10ProductiveEmployees_Locations_Test status=FAILURE method=Page_1_Dashboard_Test.Top10ProductiveEmployees_Locations_Test()[pri:7, instance:com.emp.test_cases.Admin.Page_1_Dashboard_Test@5e21e98f] output={null}]]]>
              </value>
            </param>
          </params>
          <reporter-output>
            <line>
              <![CDATA[<br><img src='C:\Users\GLB-BLR-002\Desktop\Scripts\EMPMonitor\screenshots\Top10ProductiveEmployees_Locations_Test2023-01-12_11-27-03.png  'height ='250' width='250' /><br>]]>
            </line>
            <line>
              <![CDATA[<a href=\C:\Users\GLB-BLR-002\Desktop\Scripts\EMPMonitor\screenshots\Top10ProductiveEmployees_Locations_Test2023-01-12_11-27-03.png><img src=C:\Users\GLB-BLR-002\Desktop\Scripts\EMPMonitor\screenshots\Top10ProductiveEmployees_Locations_Test2023-01-12_11-27-03.png  height ='250'  width='250'/> </a>]]>
            </line>
          </reporter-output>
        </test-method> <!-- tearDown -->
        <test-method is-config="true" signature="initialization()[pri:0, instance:com.emp.test_cases.Admin.Page_1_Dashboard_Test@5e21e98f]" started-at="2023-01-12T11:27:04 IST" name="initialization" finished-at="2023-01-12T11:27:13 IST" duration-ms="9397" status="PASS">
          <reporter-output>
            <line>
              <![CDATA[<B><font color = 'orange'>Username .</font></B> Entered User ID]]>
            </line>
            <line>
              <![CDATA[<B><font color = 'orange'>Password .</font></B> Entered Password]]>
            </line>
            <line>
              <![CDATA[<B><font color = 'orange'>Client_check_Box .</font></B> Clicked on Client_check_Box]]>
            </line>
            <line>
              <![CDATA[<B><font color = 'orange'>Sign In Button .</font></B> Clicked on Submit Button]]>
            </line>
          </reporter-output>
        </test-method> <!-- initialization -->
        <test-method signature="Top10NonProductiveEmployees_Location_Test()[pri:8, instance:com.emp.test_cases.Admin.Page_1_Dashboard_Test@5e21e98f]" started-at="2023-01-12T11:27:13 IST" name="Top10NonProductiveEmployees_Location_Test" finished-at="2023-01-12T11:27:25 IST" duration-ms="11761" status="FAIL">
          <exception class="org.openqa.selenium.ElementClickInterceptedException">
            <message>
              <![CDATA[element click intercepted: Element <select class="form-control" id="slacking_location" onchange="getDepartmentsLoc($('#slacking_location').val(), 'Slacking')" style="border: solid 2px white">...</select> is not clickable at point (888, 20). Other element would receive the click: <div class="collapse navbar-collapse justify-content-between" id="bs-example-navbar-collapse-1">...</div>
  (Session info: chrome=108.0.5359.125)
Build info: version: '4.4.0', revision: 'e5c75ed026a'
System info: host: 'DESKTOP-PJJHB19', ip: '192.168.11.167', os.name: 'Windows 10', os.arch: 'amd64', os.version: '10.0', java.version: '17.0.4.1'
Driver info: org.openqa.selenium.chrome.ChromeDriver
Command: [3c48331bc1aceaa9e7b2aad8a4c24739, clickElement {id=d783c2b7-a38e-4e7a-a8a2-a2e43235cf22}]
Capabilities {acceptInsecureCerts: false, browserName: chrome, browserVersion: 108.0.5359.125, chrome: {chromedriverVersion: 108.0.5359.71 (1e0e3868ee06..., userDataDir: C:\Users\GLB-BL~1\AppData\L...}, goog:chromeOptions: {debuggerAddress: localhost:53973}, networkConnectionEnabled: false, pageLoadStrategy: normal, platformName: WINDOWS, proxy: Proxy(), se:cdp: ws://localhost:53973/devtoo..., se:cdpVersion: 108.0.5359.125, setWindowRect: true, strictFileInteractability: false, timeouts: {implicit: 0, pageLoad: 300000, script: 30000}, unhandledPromptBehavior: dismiss and notify, webauthn:extension:credBlob: true, webauthn:extension:largeBlob: true, webauthn:virtualAuthenticators: true}
Element: [[ChromeDriver: chrome on WINDOWS (3c48331bc1aceaa9e7b2aad8a4c24739)] -> xpath: //select[@id='slacking_location']]
Session ID: 3c48331bc1aceaa9e7b2aad8a4c24739]]>
            </message>
            <full-stacktrace>
              <![CDATA[org.openqa.selenium.ElementClickInterceptedException: element click intercepted: Element <select class="form-control" id="slacking_location" onchange="getDepartmentsLoc($('#slacking_location').val(), 'Slacking')" style="border: solid 2px white">...</select> is not clickable at point (888, 20). Other element would receive the click: <div class="collapse navbar-collapse justify-content-between" id="bs-example-navbar-collapse-1">...</div>
  (Session info: chrome=108.0.5359.125)
Build info: version: '4.4.0', revision: 'e5c75ed026a'
System info: host: 'DESKTOP-PJJHB19', ip: '192.168.11.167', os.name: 'Windows 10', os.arch: 'amd64', os.version: '10.0', java.version: '17.0.4.1'
Driver info: org.openqa.selenium.chrome.ChromeDriver
Command: [3c48331bc1aceaa9e7b2aad8a4c24739, clickElement {id=d783c2b7-a38e-4e7a-a8a2-a2e43235cf22}]
Capabilities {acceptInsecureCerts: false, browserName: chrome, browserVersion: 108.0.5359.125, chrome: {chromedriverVersion: 108.0.5359.71 (1e0e3868ee06..., userDataDir: C:\Users\GLB-BL~1\AppData\L...}, goog:chromeOptions: {debuggerAddress: localhost:53973}, networkConnectionEnabled: false, pageLoadStrategy: normal, platformName: WINDOWS, proxy: Proxy(), se:cdp: ws://localhost:53973/devtoo..., se:cdpVersion: 108.0.5359.125, setWindowRect: true, strictFileInteractability: false, timeouts: {implicit: 0, pageLoad: 300000, script: 30000}, unhandledPromptBehavior: dismiss and notify, webauthn:extension:credBlob: true, webauthn:extension:largeBlob: true, webauthn:virtualAuthenticators: true}
Element: [[ChromeDriver: chrome on WINDOWS (3c48331bc1aceaa9e7b2aad8a4c24739)] -> xpath: //select[@id='slacking_location']]
Session ID: 3c48331bc1aceaa9e7b2aad8a4c24739
at java.base/jdk.internal.reflect.NativeConstructorAccessorImpl.newInstance0(Native Method)
at java.base/jdk.internal.reflect.NativeConstructorAccessorImpl.newInstance(NativeConstructorAccessorImpl.java:77)
at java.base/jdk.internal.reflect.DelegatingConstructorAccessorImpl.newInstance(DelegatingConstructorAccessorImpl.java:45)
at java.base/java.lang.reflect.Constructor.newInstanceWithCaller(Constructor.java:499)
at java.base/java.lang.reflect.Constructor.newInstance(Constructor.java:480)
at org.openqa.selenium.remote.codec.w3c.W3CHttpResponseCodec.createException(W3CHttpResponseCodec.java:200)
at org.openqa.selenium.remote.codec.w3c.W3CHttpResponseCodec.decode(W3CHttpResponseCodec.java:133)
at org.openqa.selenium.remote.codec.w3c.W3CHttpResponseCodec.decode(W3CHttpResponseCodec.java:53)
at org.openqa.selenium.remote.HttpCommandExecutor.execute(HttpCommandExecutor.java:184)
at org.openqa.selenium.remote.service.DriverCommandExecutor.invokeExecute(DriverCommandExecutor.java:167)
at org.openqa.selenium.remote.service.DriverCommandExecutor.execute(DriverCommandExecutor.java:142)
at org.openqa.selenium.remote.RemoteWebDriver.execute(RemoteWebDriver.java:547)
at org.openqa.selenium.remote.RemoteWebElement.execute(RemoteWebElement.java:257)
at org.openqa.selenium.remote.RemoteWebElement.click(RemoteWebElement.java:78)
at jdk.internal.reflect.GeneratedMethodAccessor2.invoke(Unknown Source)
at java.base/jdk.internal.reflect.DelegatingMethodAccessorImpl.invoke(DelegatingMethodAccessorImpl.java:43)
at java.base/java.lang.reflect.Method.invoke(Method.java:568)
at org.openqa.selenium.support.pagefactory.internal.LocatingElementHandler.invoke(LocatingElementHandler.java:52)
at jdk.proxy2/jdk.proxy2.$Proxy17.click(Unknown Source)
at com.emp.qa.pages.Admin.Page_1__Dashboard.Top10NonProductiveEmployees_Location_8(Page_1__Dashboard.java:992)
at com.emp.test_cases.Admin.Page_1_Dashboard_Test.Top10NonProductiveEmployees_Location_Test(Page_1_Dashboard_Test.java:92)
at java.base/jdk.internal.reflect.NativeMethodAccessorImpl.invoke0(Native Method)
at java.base/jdk.internal.reflect.NativeMethodAccessorImpl.invoke(NativeMethodAccessorImpl.java:77)
at java.base/jdk.internal.reflect.DelegatingMethodAccessorImpl.invoke(DelegatingMethodAccessorImpl.java:43)
at java.base/java.lang.reflect.Method.invoke(Method.java:568)
at org.testng.internal.MethodInvocationHelper.invokeMethod(MethodInvocationHelper.java:133)
at org.testng.internal.TestInvoker.invokeMethod(TestInvoker.java:598)
at org.testng.internal.TestInvoker.invokeTestMethod(TestInvoker.java:173)
at org.testng.internal.MethodRunner.runInSequence(MethodRunner.java:46)
at org.testng.internal.TestInvoker$MethodInvocationAgent.invoke(TestInvoker.java:824)
at org.testng.internal.TestInvoker.invokeTestMethods(TestInvoker.java:146)
at org.testng.internal.TestMethodWorker.invokeTestMethods(TestMethodWorker.java:146)
at org.testng.internal.TestMethodWorker.run(TestMethodWorker.java:128)
at java.base/java.util.ArrayList.forEach(ArrayList.java:1511)
at org.testng.TestRunner.privateRun(TestRunner.java:794)
at org.testng.TestRunner.run(TestRunner.java:596)
at org.testng.SuiteRunner.runTest(SuiteRunner.java:377)
at org.testng.SuiteRunner.runSequentially(SuiteRunner.java:371)
at org.testng.SuiteRunner.privateRun(SuiteRunner.java:332)
at org.testng.SuiteRunner.run(SuiteRunner.java:276)
at org.testng.SuiteRunnerWorker.runSuite(SuiteRunnerWorker.java:53)
at org.testng.SuiteRunnerWorker.run(SuiteRunnerWorker.java:96)
at org.testng.TestNG.runSuitesSequentially(TestNG.java:1212)
at org.testng.TestNG.runSuitesLocally(TestNG.java:1134)
at org.testng.TestNG.runSuites(TestNG.java:1063)
at org.testng.TestNG.run(TestNG.java:1031)
at org.testng.remote.AbstractRemoteTestNG.run(AbstractRemoteTestNG.java:115)
at org.testng.remote.RemoteTestNG.initAndRun(RemoteTestNG.java:251)
at org.testng.remote.RemoteTestNG.main(RemoteTestNG.java:77)
]]>
            </full-stacktrace>
          </exception> <!-- org.openqa.selenium.ElementClickInterceptedException -->
          <reporter-output>
          </reporter-output>
        </test-method> <!-- Top10NonProductiveEmployees_Location_Test -->
        <test-method is-config="true" signature="tearDown(org.testng.ITestResult)[pri:0, instance:com.emp.test_cases.Admin.Page_1_Dashboard_Test@5e21e98f]" started-at="2023-01-12T11:27:25 IST" name="tearDown" finished-at="2023-01-12T11:27:25 IST" duration-ms="700" status="PASS">
          <params>
            <param index="0">
              <value>
                <![CDATA[[TestResult name=Top10NonProductiveEmployees_Location_Test status=FAILURE method=Page_1_Dashboard_Test.Top10NonProductiveEmployees_Location_Test()[pri:8, instance:com.emp.test_cases.Admin.Page_1_Dashboard_Test@5e21e98f] output={null}]]]>
              </value>
            </param>
          </params>
          <reporter-output>
            <line>
              <![CDATA[<br><img src='C:\Users\GLB-BLR-002\Desktop\Scripts\EMPMonitor\screenshots\Top10NonProductiveEmployees_Location_Test2023-01-12_11-27-25.png  'height ='250' width='250' /><br>]]>
            </line>
            <line>
              <![CDATA[<a href=\C:\Users\GLB-BLR-002\Desktop\Scripts\EMPMonitor\screenshots\Top10NonProductiveEmployees_Location_Test2023-01-12_11-27-25.png><img src=C:\Users\GLB-BLR-002\Desktop\Scripts\EMPMonitor\screenshots\Top10NonProductiveEmployees_Location_Test2023-01-12_11-27-25.png  height ='250'  width='250'/> </a>]]>
            </line>
          </reporter-output>
        </test-method> <!-- tearDown -->
        <test-method is-config="true" signature="initialization()[pri:0, instance:com.emp.test_cases.Admin.Page_1_Dashboard_Test@5e21e98f]" started-at="2023-01-12T11:27:25 IST" name="initialization" finished-at="2023-01-12T11:27:35 IST" duration-ms="9595" status="PASS">
          <reporter-output>
            <line>
              <![CDATA[<B><font color = 'orange'>Username .</font></B> Entered User ID]]>
            </line>
            <line>
              <![CDATA[<B><font color = 'orange'>Password .</font></B> Entered Password]]>
            </line>
            <line>
              <![CDATA[<B><font color = 'orange'>Client_check_Box .</font></B> Clicked on Client_check_Box]]>
            </line>
            <line>
              <![CDATA[<B><font color = 'orange'>Sign In Button .</font></B> Clicked on Submit Button]]>
            </line>
          </reporter-output>
        </test-method> <!-- initialization -->
        <test-method signature="Location_Performance_Productive_Test()[pri:9, instance:com.emp.test_cases.Admin.Page_1_Dashboard_Test@5e21e98f]" started-at="2023-01-12T11:27:35 IST" name="Location_Performance_Productive_Test" finished-at="2023-01-12T11:27:48 IST" duration-ms="12720" status="FAIL">
          <exception class="org.openqa.selenium.ElementClickInterceptedException">
            <message>
              <![CDATA[element click intercepted: Element <button type="button" id="todayPerformance" class="btn btn_gray active" onclick="performanceLocationAndDepartment('Today', 'location_option_data', 'location', $('#location_option').val())" style="border: solid 2px white">...</button> is not clickable at point (329, 20). Other element would receive the click: <div class="collapse navbar-collapse justify-content-between" id="bs-example-navbar-collapse-1">...</div>
  (Session info: chrome=108.0.5359.125)
Build info: version: '4.4.0', revision: 'e5c75ed026a'
System info: host: 'DESKTOP-PJJHB19', ip: '192.168.11.167', os.name: 'Windows 10', os.arch: 'amd64', os.version: '10.0', java.version: '17.0.4.1'
Driver info: org.openqa.selenium.chrome.ChromeDriver
Command: [ea89d69d7e449c5fa68e8921f9461559, clickElement {id=fd0f6aab-f57e-4455-a290-15836d5353c9}]
Capabilities {acceptInsecureCerts: false, browserName: chrome, browserVersion: 108.0.5359.125, chrome: {chromedriverVersion: 108.0.5359.71 (1e0e3868ee06..., userDataDir: C:\Users\GLB-BL~1\AppData\L...}, goog:chromeOptions: {debuggerAddress: localhost:54088}, networkConnectionEnabled: false, pageLoadStrategy: normal, platformName: WINDOWS, proxy: Proxy(), se:cdp: ws://localhost:54088/devtoo..., se:cdpVersion: 108.0.5359.125, setWindowRect: true, strictFileInteractability: false, timeouts: {implicit: 0, pageLoad: 300000, script: 30000}, unhandledPromptBehavior: dismiss and notify, webauthn:extension:credBlob: true, webauthn:extension:largeBlob: true, webauthn:virtualAuthenticators: true}
Element: [[ChromeDriver: chrome on WINDOWS (ea89d69d7e449c5fa68e8921f9461559)] -> xpath: //button[@id='todayPerformance']]
Session ID: ea89d69d7e449c5fa68e8921f9461559]]>
            </message>
            <full-stacktrace>
              <![CDATA[org.openqa.selenium.ElementClickInterceptedException: element click intercepted: Element <button type="button" id="todayPerformance" class="btn btn_gray active" onclick="performanceLocationAndDepartment('Today', 'location_option_data', 'location', $('#location_option').val())" style="border: solid 2px white">...</button> is not clickable at point (329, 20). Other element would receive the click: <div class="collapse navbar-collapse justify-content-between" id="bs-example-navbar-collapse-1">...</div>
  (Session info: chrome=108.0.5359.125)
Build info: version: '4.4.0', revision: 'e5c75ed026a'
System info: host: 'DESKTOP-PJJHB19', ip: '192.168.11.167', os.name: 'Windows 10', os.arch: 'amd64', os.version: '10.0', java.version: '17.0.4.1'
Driver info: org.openqa.selenium.chrome.ChromeDriver
Command: [ea89d69d7e449c5fa68e8921f9461559, clickElement {id=fd0f6aab-f57e-4455-a290-15836d5353c9}]
Capabilities {acceptInsecureCerts: false, browserName: chrome, browserVersion: 108.0.5359.125, chrome: {chromedriverVersion: 108.0.5359.71 (1e0e3868ee06..., userDataDir: C:\Users\GLB-BL~1\AppData\L...}, goog:chromeOptions: {debuggerAddress: localhost:54088}, networkConnectionEnabled: false, pageLoadStrategy: normal, platformName: WINDOWS, proxy: Proxy(), se:cdp: ws://localhost:54088/devtoo..., se:cdpVersion: 108.0.5359.125, setWindowRect: true, strictFileInteractability: false, timeouts: {implicit: 0, pageLoad: 300000, script: 30000}, unhandledPromptBehavior: dismiss and notify, webauthn:extension:credBlob: true, webauthn:extension:largeBlob: true, webauthn:virtualAuthenticators: true}
Element: [[ChromeDriver: chrome on WINDOWS (ea89d69d7e449c5fa68e8921f9461559)] -> xpath: //button[@id='todayPerformance']]
Session ID: ea89d69d7e449c5fa68e8921f9461559
at java.base/jdk.internal.reflect.NativeConstructorAccessorImpl.newInstance0(Native Method)
at java.base/jdk.internal.reflect.NativeConstructorAccessorImpl.newInstance(NativeConstructorAccessorImpl.java:77)
at java.base/jdk.internal.reflect.DelegatingConstructorAccessorImpl.newInstance(DelegatingConstructorAccessorImpl.java:45)
at java.base/java.lang.reflect.Constructor.newInstanceWithCaller(Constructor.java:499)
at java.base/java.lang.reflect.Constructor.newInstance(Constructor.java:480)
at org.openqa.selenium.remote.codec.w3c.W3CHttpResponseCodec.createException(W3CHttpResponseCodec.java:200)
at org.openqa.selenium.remote.codec.w3c.W3CHttpResponseCodec.decode(W3CHttpResponseCodec.java:133)
at org.openqa.selenium.remote.codec.w3c.W3CHttpResponseCodec.decode(W3CHttpResponseCodec.java:53)
at org.openqa.selenium.remote.HttpCommandExecutor.execute(HttpCommandExecutor.java:184)
at org.openqa.selenium.remote.service.DriverCommandExecutor.invokeExecute(DriverCommandExecutor.java:167)
at org.openqa.selenium.remote.service.DriverCommandExecutor.execute(DriverCommandExecutor.java:142)
at org.openqa.selenium.remote.RemoteWebDriver.execute(RemoteWebDriver.java:547)
at org.openqa.selenium.remote.RemoteWebElement.execute(RemoteWebElement.java:257)
at org.openqa.selenium.remote.RemoteWebElement.click(RemoteWebElement.java:78)
at jdk.internal.reflect.GeneratedMethodAccessor2.invoke(Unknown Source)
at java.base/jdk.internal.reflect.DelegatingMethodAccessorImpl.invoke(DelegatingMethodAccessorImpl.java:43)
at java.base/java.lang.reflect.Method.invoke(Method.java:568)
at org.openqa.selenium.support.pagefactory.internal.LocatingElementHandler.invoke(LocatingElementHandler.java:52)
at jdk.proxy2/jdk.proxy2.$Proxy17.click(Unknown Source)
at com.emp.qa.pages.Admin.Page_1__Dashboard.Location_Performance_Productive_9(Page_1__Dashboard.java:1116)
at com.emp.test_cases.Admin.Page_1_Dashboard_Test.Location_Performance_Productive_Test(Page_1_Dashboard_Test.java:122)
at java.base/jdk.internal.reflect.NativeMethodAccessorImpl.invoke0(Native Method)
at java.base/jdk.internal.reflect.NativeMethodAccessorImpl.invoke(NativeMethodAccessorImpl.java:77)
at java.base/jdk.internal.reflect.DelegatingMethodAccessorImpl.invoke(DelegatingMethodAccessorImpl.java:43)
at java.base/java.lang.reflect.Method.invoke(Method.java:568)
at org.testng.internal.MethodInvocationHelper.invokeMethod(MethodInvocationHelper.java:133)
at org.testng.internal.TestInvoker.invokeMethod(TestInvoker.java:598)
at org.testng.internal.TestInvoker.invokeTestMethod(TestInvoker.java:173)
at org.testng.internal.MethodRunner.runInSequence(MethodRunner.java:46)
at org.testng.internal.TestInvoker$MethodInvocationAgent.invoke(TestInvoker.java:824)
at org.testng.internal.TestInvoker.invokeTestMethods(TestInvoker.java:146)
at org.testng.internal.TestMethodWorker.invokeTestMethods(TestMethodWorker.java:146)
at org.testng.internal.TestMethodWorker.run(TestMethodWorker.java:128)
at java.base/java.util.ArrayList.forEach(ArrayList.java:1511)
at org.testng.TestRunner.privateRun(TestRunner.java:794)
at org.testng.TestRunner.run(TestRunner.java:596)
at org.testng.SuiteRunner.runTest(SuiteRunner.java:377)
at org.testng.SuiteRunner.runSequentially(SuiteRunner.java:371)
at org.testng.SuiteRunner.privateRun(SuiteRunner.java:332)
at org.testng.SuiteRunner.run(SuiteRunner.java:276)
at org.testng.SuiteRunnerWorker.runSuite(SuiteRunnerWorker.java:53)
at org.testng.SuiteRunnerWorker.run(SuiteRunnerWorker.java:96)
at org.testng.TestNG.runSuitesSequentially(TestNG.java:1212)
at org.testng.TestNG.runSuitesLocally(TestNG.java:1134)
at org.testng.TestNG.runSuites(TestNG.java:1063)
at org.testng.TestNG.run(TestNG.java:1031)
at org.testng.remote.AbstractRemoteTestNG.run(AbstractRemoteTestNG.java:115)
at org.testng.remote.RemoteTestNG.initAndRun(RemoteTestNG.java:251)
at org.testng.remote.RemoteTestNG.main(RemoteTestNG.java:77)
]]>
            </full-stacktrace>
          </exception> <!-- org.openqa.selenium.ElementClickInterceptedException -->
          <reporter-output>
          </reporter-output>
        </test-method> <!-- Location_Performance_Productive_Test -->
        <test-method is-config="true" signature="tearDown(org.testng.ITestResult)[pri:0, instance:com.emp.test_cases.Admin.Page_1_Dashboard_Test@5e21e98f]" started-at="2023-01-12T11:27:48 IST" name="tearDown" finished-at="2023-01-12T11:27:48 IST" duration-ms="726" status="PASS">
          <params>
            <param index="0">
              <value>
                <![CDATA[[TestResult name=Location_Performance_Productive_Test status=FAILURE method=Page_1_Dashboard_Test.Location_Performance_Productive_Test()[pri:9, instance:com.emp.test_cases.Admin.Page_1_Dashboard_Test@5e21e98f] output={null}]]]>
              </value>
            </param>
          </params>
          <reporter-output>
            <line>
              <![CDATA[<br><img src='C:\Users\GLB-BLR-002\Desktop\Scripts\EMPMonitor\screenshots\Location_Performance_Productive_Test2023-01-12_11-27-48.png  'height ='250' width='250' /><br>]]>
            </line>
            <line>
              <![CDATA[<a href=\C:\Users\GLB-BLR-002\Desktop\Scripts\EMPMonitor\screenshots\Location_Performance_Productive_Test2023-01-12_11-27-48.png><img src=C:\Users\GLB-BLR-002\Desktop\Scripts\EMPMonitor\screenshots\Location_Performance_Productive_Test2023-01-12_11-27-48.png  height ='250'  width='250'/> </a>]]>
            </line>
          </reporter-output>
        </test-method> <!-- tearDown -->
        <test-method is-config="true" signature="initialization()[pri:0, instance:com.emp.test_cases.Admin.Page_1_Dashboard_Test@5e21e98f]" started-at="2023-01-12T11:27:48 IST" name="initialization" finished-at="2023-01-12T11:27:58 IST" duration-ms="9509" status="PASS">
          <reporter-output>
            <line>
              <![CDATA[<B><font color = 'orange'>Username .</font></B> Entered User ID]]>
            </line>
            <line>
              <![CDATA[<B><font color = 'orange'>Password .</font></B> Entered Password]]>
            </line>
            <line>
              <![CDATA[<B><font color = 'orange'>Client_check_Box .</font></B> Clicked on Client_check_Box]]>
            </line>
            <line>
              <![CDATA[<B><font color = 'orange'>Sign In Button .</font></B> Clicked on Submit Button]]>
            </line>
          </reporter-output>
        </test-method> <!-- initialization -->
        <test-method signature="Department_Performance_Productive_Test()[pri:10, instance:com.emp.test_cases.Admin.Page_1_Dashboard_Test@5e21e98f]" started-at="2023-01-12T11:27:58 IST" name="Department_Performance_Productive_Test" finished-at="2023-01-12T11:28:10 IST" duration-ms="11894" status="FAIL">
          <exception class="org.openqa.selenium.ElementClickInterceptedException">
            <message>
              <![CDATA[element click intercepted: Element <button type="button" id="todayDeptPerformance" class="btn btn_gray active" onclick="performanceLocationAndDepartment('Today', 'department_option_data', 'department', $('#department_option').val())" style="border: solid 2px white">...</button> is not clickable at point (842, 20). Other element would receive the click: <div class="collapse navbar-collapse justify-content-between" id="bs-example-navbar-collapse-1">...</div>
  (Session info: chrome=108.0.5359.125)
Build info: version: '4.4.0', revision: 'e5c75ed026a'
System info: host: 'DESKTOP-PJJHB19', ip: '192.168.11.167', os.name: 'Windows 10', os.arch: 'amd64', os.version: '10.0', java.version: '17.0.4.1'
Driver info: org.openqa.selenium.chrome.ChromeDriver
Command: [61a0c8cbcdde30670c398d04fb299fea, clickElement {id=f093ce24-46aa-42cc-a5e4-dc445ac9a193}]
Capabilities {acceptInsecureCerts: false, browserName: chrome, browserVersion: 108.0.5359.125, chrome: {chromedriverVersion: 108.0.5359.71 (1e0e3868ee06..., userDataDir: C:\Users\GLB-BL~1\AppData\L...}, goog:chromeOptions: {debuggerAddress: localhost:54211}, networkConnectionEnabled: false, pageLoadStrategy: normal, platformName: WINDOWS, proxy: Proxy(), se:cdp: ws://localhost:54211/devtoo..., se:cdpVersion: 108.0.5359.125, setWindowRect: true, strictFileInteractability: false, timeouts: {implicit: 0, pageLoad: 300000, script: 30000}, unhandledPromptBehavior: dismiss and notify, webauthn:extension:credBlob: true, webauthn:extension:largeBlob: true, webauthn:virtualAuthenticators: true}
Element: [[ChromeDriver: chrome on WINDOWS (61a0c8cbcdde30670c398d04fb299fea)] -> xpath: //button[@id='todayDeptPerformance']]
Session ID: 61a0c8cbcdde30670c398d04fb299fea]]>
            </message>
            <full-stacktrace>
              <![CDATA[org.openqa.selenium.ElementClickInterceptedException: element click intercepted: Element <button type="button" id="todayDeptPerformance" class="btn btn_gray active" onclick="performanceLocationAndDepartment('Today', 'department_option_data', 'department', $('#department_option').val())" style="border: solid 2px white">...</button> is not clickable at point (842, 20). Other element would receive the click: <div class="collapse navbar-collapse justify-content-between" id="bs-example-navbar-collapse-1">...</div>
  (Session info: chrome=108.0.5359.125)
Build info: version: '4.4.0', revision: 'e5c75ed026a'
System info: host: 'DESKTOP-PJJHB19', ip: '192.168.11.167', os.name: 'Windows 10', os.arch: 'amd64', os.version: '10.0', java.version: '17.0.4.1'
Driver info: org.openqa.selenium.chrome.ChromeDriver
Command: [61a0c8cbcdde30670c398d04fb299fea, clickElement {id=f093ce24-46aa-42cc-a5e4-dc445ac9a193}]
Capabilities {acceptInsecureCerts: false, browserName: chrome, browserVersion: 108.0.5359.125, chrome: {chromedriverVersion: 108.0.5359.71 (1e0e3868ee06..., userDataDir: C:\Users\GLB-BL~1\AppData\L...}, goog:chromeOptions: {debuggerAddress: localhost:54211}, networkConnectionEnabled: false, pageLoadStrategy: normal, platformName: WINDOWS, proxy: Proxy(), se:cdp: ws://localhost:54211/devtoo..., se:cdpVersion: 108.0.5359.125, setWindowRect: true, strictFileInteractability: false, timeouts: {implicit: 0, pageLoad: 300000, script: 30000}, unhandledPromptBehavior: dismiss and notify, webauthn:extension:credBlob: true, webauthn:extension:largeBlob: true, webauthn:virtualAuthenticators: true}
Element: [[ChromeDriver: chrome on WINDOWS (61a0c8cbcdde30670c398d04fb299fea)] -> xpath: //button[@id='todayDeptPerformance']]
Session ID: 61a0c8cbcdde30670c398d04fb299fea
at java.base/jdk.internal.reflect.NativeConstructorAccessorImpl.newInstance0(Native Method)
at java.base/jdk.internal.reflect.NativeConstructorAccessorImpl.newInstance(NativeConstructorAccessorImpl.java:77)
at java.base/jdk.internal.reflect.DelegatingConstructorAccessorImpl.newInstance(DelegatingConstructorAccessorImpl.java:45)
at java.base/java.lang.reflect.Constructor.newInstanceWithCaller(Constructor.java:499)
at java.base/java.lang.reflect.Constructor.newInstance(Constructor.java:480)
at org.openqa.selenium.remote.codec.w3c.W3CHttpResponseCodec.createException(W3CHttpResponseCodec.java:200)
at org.openqa.selenium.remote.codec.w3c.W3CHttpResponseCodec.decode(W3CHttpResponseCodec.java:133)
at org.openqa.selenium.remote.codec.w3c.W3CHttpResponseCodec.decode(W3CHttpResponseCodec.java:53)
at org.openqa.selenium.remote.HttpCommandExecutor.execute(HttpCommandExecutor.java:184)
at org.openqa.selenium.remote.service.DriverCommandExecutor.invokeExecute(DriverCommandExecutor.java:167)
at org.openqa.selenium.remote.service.DriverCommandExecutor.execute(DriverCommandExecutor.java:142)
at org.openqa.selenium.remote.RemoteWebDriver.execute(RemoteWebDriver.java:547)
at org.openqa.selenium.remote.RemoteWebElement.execute(RemoteWebElement.java:257)
at org.openqa.selenium.remote.RemoteWebElement.click(RemoteWebElement.java:78)
at jdk.internal.reflect.GeneratedMethodAccessor2.invoke(Unknown Source)
at java.base/jdk.internal.reflect.DelegatingMethodAccessorImpl.invoke(DelegatingMethodAccessorImpl.java:43)
at java.base/java.lang.reflect.Method.invoke(Method.java:568)
at org.openqa.selenium.support.pagefactory.internal.LocatingElementHandler.invoke(LocatingElementHandler.java:52)
at jdk.proxy2/jdk.proxy2.$Proxy17.click(Unknown Source)
at com.emp.qa.pages.Admin.Page_1__Dashboard.Department_Performance_Productive_10(Page_1__Dashboard.java:1465)
at com.emp.test_cases.Admin.Page_1_Dashboard_Test.Department_Performance_Productive_Test(Page_1_Dashboard_Test.java:132)
at java.base/jdk.internal.reflect.NativeMethodAccessorImpl.invoke0(Native Method)
at java.base/jdk.internal.reflect.NativeMethodAccessorImpl.invoke(NativeMethodAccessorImpl.java:77)
at java.base/jdk.internal.reflect.DelegatingMethodAccessorImpl.invoke(DelegatingMethodAccessorImpl.java:43)
at java.base/java.lang.reflect.Method.invoke(Method.java:568)
at org.testng.internal.MethodInvocationHelper.invokeMethod(MethodInvocationHelper.java:133)
at org.testng.internal.TestInvoker.invokeMethod(TestInvoker.java:598)
at org.testng.internal.TestInvoker.invokeTestMethod(TestInvoker.java:173)
at org.testng.internal.MethodRunner.runInSequence(MethodRunner.java:46)
at org.testng.internal.TestInvoker$MethodInvocationAgent.invoke(TestInvoker.java:824)
at org.testng.internal.TestInvoker.invokeTestMethods(TestInvoker.java:146)
at org.testng.internal.TestMethodWorker.invokeTestMethods(TestMethodWorker.java:146)
at org.testng.internal.TestMethodWorker.run(TestMethodWorker.java:128)
at java.base/java.util.ArrayList.forEach(ArrayList.java:1511)
at org.testng.TestRunner.privateRun(TestRunner.java:794)
at org.testng.TestRunner.run(TestRunner.java:596)
at org.testng.SuiteRunner.runTest(SuiteRunner.java:377)
at org.testng.SuiteRunner.runSequentially(SuiteRunner.java:371)
at org.testng.SuiteRunner.privateRun(SuiteRunner.java:332)
at org.testng.SuiteRunner.run(SuiteRunner.java:276)
at org.testng.SuiteRunnerWorker.runSuite(SuiteRunnerWorker.java:53)
at org.testng.SuiteRunnerWorker.run(SuiteRunnerWorker.java:96)
at org.testng.TestNG.runSuitesSequentially(TestNG.java:1212)
at org.testng.TestNG.runSuitesLocally(TestNG.java:1134)
at org.testng.TestNG.runSuites(TestNG.java:1063)
at org.testng.TestNG.run(TestNG.java:1031)
at org.testng.remote.AbstractRemoteTestNG.run(AbstractRemoteTestNG.java:115)
at org.testng.remote.RemoteTestNG.initAndRun(RemoteTestNG.java:251)
at org.testng.remote.RemoteTestNG.main(RemoteTestNG.java:77)
]]>
            </full-stacktrace>
          </exception> <!-- org.openqa.selenium.ElementClickInterceptedException -->
          <reporter-output>
          </reporter-output>
        </test-method> <!-- Department_Performance_Productive_Test -->
        <test-method is-config="true" signature="tearDown(org.testng.ITestResult)[pri:0, instance:com.emp.test_cases.Admin.Page_1_Dashboard_Test@5e21e98f]" started-at="2023-01-12T11:28:10 IST" name="tearDown" finished-at="2023-01-12T11:28:11 IST" duration-ms="989" status="PASS">
          <params>
            <param index="0">
              <value>
                <![CDATA[[TestResult name=Department_Performance_Productive_Test status=FAILURE method=Page_1_Dashboard_Test.Department_Performance_Productive_Test()[pri:10, instance:com.emp.test_cases.Admin.Page_1_Dashboard_Test@5e21e98f] output={null}]]]>
              </value>
            </param>
          </params>
          <reporter-output>
            <line>
              <![CDATA[<br><img src='C:\Users\GLB-BLR-002\Desktop\Scripts\EMPMonitor\screenshots\Department_Performance_Productive_Test2023-01-12_11-28-10.png  'height ='250' width='250' /><br>]]>
            </line>
            <line>
              <![CDATA[<a href=\C:\Users\GLB-BLR-002\Desktop\Scripts\EMPMonitor\screenshots\Department_Performance_Productive_Test2023-01-12_11-28-10.png><img src=C:\Users\GLB-BLR-002\Desktop\Scripts\EMPMonitor\screenshots\Department_Performance_Productive_Test2023-01-12_11-28-10.png  height ='250'  width='250'/> </a>]]>
            </line>
          </reporter-output>
        </test-method> <!-- tearDown -->
        <test-method is-config="true" signature="initialization()[pri:0, instance:com.emp.test_cases.Admin.Page_1_Dashboard_Test@5e21e98f]" started-at="2023-01-12T11:28:11 IST" name="initialization" finished-at="2023-01-12T11:28:21 IST" duration-ms="9696" status="PASS">
          <reporter-output>
            <line>
              <![CDATA[<B><font color = 'orange'>Username .</font></B> Entered User ID]]>
            </line>
            <line>
              <![CDATA[<B><font color = 'orange'>Password .</font></B> Entered Password]]>
            </line>
            <line>
              <![CDATA[<B><font color = 'orange'>Client_check_Box .</font></B> Clicked on Client_check_Box]]>
            </line>
            <line>
              <![CDATA[<B><font color = 'orange'>Sign In Button .</font></B> Clicked on Submit Button]]>
            </line>
          </reporter-output>
        </test-method> <!-- initialization -->
        <test-method signature="Top10Websitesusages_Today_Test()[pri:11, instance:com.emp.test_cases.Admin.Page_1_Dashboard_Test@5e21e98f]" started-at="2023-01-12T11:28:21 IST" name="Top10Websitesusages_Today_Test" finished-at="2023-01-12T11:28:33 IST" duration-ms="12804" status="FAIL">
          <exception class="org.openqa.selenium.ElementClickInterceptedException">
            <message>
              <![CDATA[element click intercepted: Element <button type="button" id="todayTopWebs" class="btn btn_gray active" onclick="getTopWebSitesAndApplications('Today', 'chartWebsite', 2);" style="border: solid 2px white">...</button> is not clickable at point (329, 24). Other element would receive the click: <div class="collapse navbar-collapse justify-content-between" id="bs-example-navbar-collapse-1">...</div>
  (Session info: chrome=108.0.5359.125)
Build info: version: '4.4.0', revision: 'e5c75ed026a'
System info: host: 'DESKTOP-PJJHB19', ip: '192.168.11.167', os.name: 'Windows 10', os.arch: 'amd64', os.version: '10.0', java.version: '17.0.4.1'
Driver info: org.openqa.selenium.chrome.ChromeDriver
Command: [e67dc93781e558d46d06a056f2092905, clickElement {id=e7c5b439-38fa-4805-bdfb-65fe035e3ca1}]
Capabilities {acceptInsecureCerts: false, browserName: chrome, browserVersion: 108.0.5359.125, chrome: {chromedriverVersion: 108.0.5359.71 (1e0e3868ee06..., userDataDir: C:\Users\GLB-BL~1\AppData\L...}, goog:chromeOptions: {debuggerAddress: localhost:54328}, networkConnectionEnabled: false, pageLoadStrategy: normal, platformName: WINDOWS, proxy: Proxy(), se:cdp: ws://localhost:54328/devtoo..., se:cdpVersion: 108.0.5359.125, setWindowRect: true, strictFileInteractability: false, timeouts: {implicit: 0, pageLoad: 300000, script: 30000}, unhandledPromptBehavior: dismiss and notify, webauthn:extension:credBlob: true, webauthn:extension:largeBlob: true, webauthn:virtualAuthenticators: true}
Element: [[ChromeDriver: chrome on WINDOWS (e67dc93781e558d46d06a056f2092905)] -> xpath: //button[@id='todayTopWebs']]
Session ID: e67dc93781e558d46d06a056f2092905]]>
            </message>
            <full-stacktrace>
              <![CDATA[org.openqa.selenium.ElementClickInterceptedException: element click intercepted: Element <button type="button" id="todayTopWebs" class="btn btn_gray active" onclick="getTopWebSitesAndApplications('Today', 'chartWebsite', 2);" style="border: solid 2px white">...</button> is not clickable at point (329, 24). Other element would receive the click: <div class="collapse navbar-collapse justify-content-between" id="bs-example-navbar-collapse-1">...</div>
  (Session info: chrome=108.0.5359.125)
Build info: version: '4.4.0', revision: 'e5c75ed026a'
System info: host: 'DESKTOP-PJJHB19', ip: '192.168.11.167', os.name: 'Windows 10', os.arch: 'amd64', os.version: '10.0', java.version: '17.0.4.1'
Driver info: org.openqa.selenium.chrome.ChromeDriver
Command: [e67dc93781e558d46d06a056f2092905, clickElement {id=e7c5b439-38fa-4805-bdfb-65fe035e3ca1}]
Capabilities {acceptInsecureCerts: false, browserName: chrome, browserVersion: 108.0.5359.125, chrome: {chromedriverVersion: 108.0.5359.71 (1e0e3868ee06..., userDataDir: C:\Users\GLB-BL~1\AppData\L...}, goog:chromeOptions: {debuggerAddress: localhost:54328}, networkConnectionEnabled: false, pageLoadStrategy: normal, platformName: WINDOWS, proxy: Proxy(), se:cdp: ws://localhost:54328/devtoo..., se:cdpVersion: 108.0.5359.125, setWindowRect: true, strictFileInteractability: false, timeouts: {implicit: 0, pageLoad: 300000, script: 30000}, unhandledPromptBehavior: dismiss and notify, webauthn:extension:credBlob: true, webauthn:extension:largeBlob: true, webauthn:virtualAuthenticators: true}
Element: [[ChromeDriver: chrome on WINDOWS (e67dc93781e558d46d06a056f2092905)] -> xpath: //button[@id='todayTopWebs']]
Session ID: e67dc93781e558d46d06a056f2092905
at java.base/jdk.internal.reflect.NativeConstructorAccessorImpl.newInstance0(Native Method)
at java.base/jdk.internal.reflect.NativeConstructorAccessorImpl.newInstance(NativeConstructorAccessorImpl.java:77)
at java.base/jdk.internal.reflect.DelegatingConstructorAccessorImpl.newInstance(DelegatingConstructorAccessorImpl.java:45)
at java.base/java.lang.reflect.Constructor.newInstanceWithCaller(Constructor.java:499)
at java.base/java.lang.reflect.Constructor.newInstance(Constructor.java:480)
at org.openqa.selenium.remote.codec.w3c.W3CHttpResponseCodec.createException(W3CHttpResponseCodec.java:200)
at org.openqa.selenium.remote.codec.w3c.W3CHttpResponseCodec.decode(W3CHttpResponseCodec.java:133)
at org.openqa.selenium.remote.codec.w3c.W3CHttpResponseCodec.decode(W3CHttpResponseCodec.java:53)
at org.openqa.selenium.remote.HttpCommandExecutor.execute(HttpCommandExecutor.java:184)
at org.openqa.selenium.remote.service.DriverCommandExecutor.invokeExecute(DriverCommandExecutor.java:167)
at org.openqa.selenium.remote.service.DriverCommandExecutor.execute(DriverCommandExecutor.java:142)
at org.openqa.selenium.remote.RemoteWebDriver.execute(RemoteWebDriver.java:547)
at org.openqa.selenium.remote.RemoteWebElement.execute(RemoteWebElement.java:257)
at org.openqa.selenium.remote.RemoteWebElement.click(RemoteWebElement.java:78)
at jdk.internal.reflect.GeneratedMethodAccessor2.invoke(Unknown Source)
at java.base/jdk.internal.reflect.DelegatingMethodAccessorImpl.invoke(DelegatingMethodAccessorImpl.java:43)
at java.base/java.lang.reflect.Method.invoke(Method.java:568)
at org.openqa.selenium.support.pagefactory.internal.LocatingElementHandler.invoke(LocatingElementHandler.java:52)
at jdk.proxy2/jdk.proxy2.$Proxy17.click(Unknown Source)
at com.emp.qa.pages.Admin.Page_1__Dashboard.Top10Websitesusages_Today_11(Page_1__Dashboard.java:1813)
at com.emp.test_cases.Admin.Page_1_Dashboard_Test.Top10Websitesusages_Today_Test(Page_1_Dashboard_Test.java:142)
at java.base/jdk.internal.reflect.NativeMethodAccessorImpl.invoke0(Native Method)
at java.base/jdk.internal.reflect.NativeMethodAccessorImpl.invoke(NativeMethodAccessorImpl.java:77)
at java.base/jdk.internal.reflect.DelegatingMethodAccessorImpl.invoke(DelegatingMethodAccessorImpl.java:43)
at java.base/java.lang.reflect.Method.invoke(Method.java:568)
at org.testng.internal.MethodInvocationHelper.invokeMethod(MethodInvocationHelper.java:133)
at org.testng.internal.TestInvoker.invokeMethod(TestInvoker.java:598)
at org.testng.internal.TestInvoker.invokeTestMethod(TestInvoker.java:173)
at org.testng.internal.MethodRunner.runInSequence(MethodRunner.java:46)
at org.testng.internal.TestInvoker$MethodInvocationAgent.invoke(TestInvoker.java:824)
at org.testng.internal.TestInvoker.invokeTestMethods(TestInvoker.java:146)
at org.testng.internal.TestMethodWorker.invokeTestMethods(TestMethodWorker.java:146)
at org.testng.internal.TestMethodWorker.run(TestMethodWorker.java:128)
at java.base/java.util.ArrayList.forEach(ArrayList.java:1511)
at org.testng.TestRunner.privateRun(TestRunner.java:794)
at org.testng.TestRunner.run(TestRunner.java:596)
at org.testng.SuiteRunner.runTest(SuiteRunner.java:377)
at org.testng.SuiteRunner.runSequentially(SuiteRunner.java:371)
at org.testng.SuiteRunner.privateRun(SuiteRunner.java:332)
at org.testng.SuiteRunner.run(SuiteRunner.java:276)
at org.testng.SuiteRunnerWorker.runSuite(SuiteRunnerWorker.java:53)
at org.testng.SuiteRunnerWorker.run(SuiteRunnerWorker.java:96)
at org.testng.TestNG.runSuitesSequentially(TestNG.java:1212)
at org.testng.TestNG.runSuitesLocally(TestNG.java:1134)
at org.testng.TestNG.runSuites(TestNG.java:1063)
at org.testng.TestNG.run(TestNG.java:1031)
at org.testng.remote.AbstractRemoteTestNG.run(AbstractRemoteTestNG.java:115)
at org.testng.remote.RemoteTestNG.initAndRun(RemoteTestNG.java:251)
at org.testng.remote.RemoteTestNG.main(RemoteTestNG.java:77)
]]>
            </full-stacktrace>
          </exception> <!-- org.openqa.selenium.ElementClickInterceptedException -->
          <reporter-output>
          </reporter-output>
        </test-method> <!-- Top10Websitesusages_Today_Test -->
        <test-method is-config="true" signature="tearDown(org.testng.ITestResult)[pri:0, instance:com.emp.test_cases.Admin.Page_1_Dashboard_Test@5e21e98f]" started-at="2023-01-12T11:28:33 IST" name="tearDown" finished-at="2023-01-12T11:28:34 IST" duration-ms="645" status="PASS">
          <params>
            <param index="0">
              <value>
                <![CDATA[[TestResult name=Top10Websitesusages_Today_Test status=FAILURE method=Page_1_Dashboard_Test.Top10Websitesusages_Today_Test()[pri:11, instance:com.emp.test_cases.Admin.Page_1_Dashboard_Test@5e21e98f] output={null}]]]>
              </value>
            </param>
          </params>
          <reporter-output>
            <line>
              <![CDATA[<br><img src='C:\Users\GLB-BLR-002\Desktop\Scripts\EMPMonitor\screenshots\Top10Websitesusages_Today_Test2023-01-12_11-28-34.png  'height ='250' width='250' /><br>]]>
            </line>
            <line>
              <![CDATA[<a href=\C:\Users\GLB-BLR-002\Desktop\Scripts\EMPMonitor\screenshots\Top10Websitesusages_Today_Test2023-01-12_11-28-34.png><img src=C:\Users\GLB-BLR-002\Desktop\Scripts\EMPMonitor\screenshots\Top10Websitesusages_Today_Test2023-01-12_11-28-34.png  height ='250'  width='250'/> </a>]]>
            </line>
          </reporter-output>
        </test-method> <!-- tearDown -->
        <test-method is-config="true" signature="initialization()[pri:0, instance:com.emp.test_cases.Admin.Page_1_Dashboard_Test@5e21e98f]" started-at="2023-01-12T11:28:34 IST" name="initialization" finished-at="2023-01-12T11:28:44 IST" duration-ms="9591" status="PASS">
          <reporter-output>
            <line>
              <![CDATA[<B><font color = 'orange'>Username .</font></B> Entered User ID]]>
            </line>
            <line>
              <![CDATA[<B><font color = 'orange'>Password .</font></B> Entered Password]]>
            </line>
            <line>
              <![CDATA[<B><font color = 'orange'>Client_check_Box .</font></B> Clicked on Client_check_Box]]>
            </line>
            <line>
              <![CDATA[<B><font color = 'orange'>Sign In Button .</font></B> Clicked on Submit Button]]>
            </line>
          </reporter-output>
        </test-method> <!-- initialization -->
        <test-method signature="Top10_Application_Usage_Today_Test()[pri:12, instance:com.emp.test_cases.Admin.Page_1_Dashboard_Test@5e21e98f]" started-at="2023-01-12T11:28:44 IST" name="Top10_Application_Usage_Today_Test" finished-at="2023-01-12T11:29:01 IST" duration-ms="17727" status="PASS">
          <reporter-output>
            <line>
              <![CDATA[<B><font color = 'blue'>Step1 .</font></B> Clicked on Top10_Application_Usage_Today Button]]>
            </line>
            <line>
              <![CDATA[<B><font color = 'blue'>Step2 .</font></B> Clicked on Top10_Application_Usage_Yesterday Button]]>
            </line>
            <line>
              <![CDATA[<B><font color = 'blue'>Step3 .</font></B> Clicked on Top10_Application_Usage_Thisweek Button]]>
            </line>
            <line>
              <![CDATA[<B><font color = 'blue'>Step4 .</font></B> Clicked on Top10_Application_Usage_viewdetails Button]]>
            </line>
            <line>
              <![CDATA[<B><font color = 'blue'>Step5 .</font></B> Clicked on Top10_Application_Usage_view_details close_button ]]>
            </line>
          </reporter-output>
        </test-method> <!-- Top10_Application_Usage_Today_Test -->
        <test-method is-config="true" signature="tearDown(org.testng.ITestResult)[pri:0, instance:com.emp.test_cases.Admin.Page_1_Dashboard_Test@5e21e98f]" started-at="2023-01-12T11:29:01 IST" name="tearDown" finished-at="2023-01-12T11:29:02 IST" duration-ms="369" status="PASS">
          <params>
            <param index="0">
              <value>
                <![CDATA[[TestResult name=Top10_Application_Usage_Today_Test status=SUCCESS method=Page_1_Dashboard_Test.Top10_Application_Usage_Today_Test()[pri:12, instance:com.emp.test_cases.Admin.Page_1_Dashboard_Test@5e21e98f] output=<B><font color = 'blue'>Step1 .</font></B> Clicked on Top10_Application_Usage_Today Button]]]>
              </value>
            </param>
          </params>
          <reporter-output>
          </reporter-output>
        </test-method> <!-- tearDown -->
        <test-method is-config="true" signature="initialization()[pri:0, instance:com.emp.test_cases.Admin.Page_1_Dashboard_Test@5e21e98f]" started-at="2023-01-12T11:29:02 IST" name="initialization" finished-at="2023-01-12T11:29:11 IST" duration-ms="9578" status="PASS">
          <reporter-output>
            <line>
              <![CDATA[<B><font color = 'orange'>Username .</font></B> Entered User ID]]>
            </line>
            <line>
              <![CDATA[<B><font color = 'orange'>Password .</font></B> Entered Password]]>
            </line>
            <line>
              <![CDATA[<B><font color = 'orange'>Client_check_Box .</font></B> Clicked on Client_check_Box]]>
            </line>
            <line>
              <![CDATA[<B><font color = 'orange'>Sign In Button .</font></B> Clicked on Submit Button]]>
            </line>
          </reporter-output>
        </test-method> <!-- initialization -->
        <test-method signature="Top_10_Active_Employee_Test()[pri:12, instance:com.emp.test_cases.Admin.Page_1_Dashboard_Test@5e21e98f]" started-at="2023-01-12T11:29:11 IST" name="Top_10_Active_Employee_Test" finished-at="2023-01-12T11:29:23 IST" duration-ms="11808" status="FAIL">
          <exception class="org.openqa.selenium.ElementClickInterceptedException">
            <message>
              <![CDATA[element click intercepted: Element <select class="form-control" id="active_location" onchange="getDepartmentsLoc($('#active_location').val(), 'active')" style="border: solid 2px white">...</select> is not clickable at point (375, 20). Other element would receive the click: <div class="collapse navbar-collapse justify-content-between" id="bs-example-navbar-collapse-1">...</div>
  (Session info: chrome=108.0.5359.125)
Build info: version: '4.4.0', revision: 'e5c75ed026a'
System info: host: 'DESKTOP-PJJHB19', ip: '192.168.11.167', os.name: 'Windows 10', os.arch: 'amd64', os.version: '10.0', java.version: '17.0.4.1'
Driver info: org.openqa.selenium.chrome.ChromeDriver
Command: [4c46f20fb958fdb1d8284f0e1b525fb0, clickElement {id=317f4be4-c7a5-4e0e-a3ce-f7e36a542d49}]
Capabilities {acceptInsecureCerts: false, browserName: chrome, browserVersion: 108.0.5359.125, chrome: {chromedriverVersion: 108.0.5359.71 (1e0e3868ee06..., userDataDir: C:\Users\GLB-BL~1\AppData\L...}, goog:chromeOptions: {debuggerAddress: localhost:54564}, networkConnectionEnabled: false, pageLoadStrategy: normal, platformName: WINDOWS, proxy: Proxy(), se:cdp: ws://localhost:54564/devtoo..., se:cdpVersion: 108.0.5359.125, setWindowRect: true, strictFileInteractability: false, timeouts: {implicit: 0, pageLoad: 300000, script: 30000}, unhandledPromptBehavior: dismiss and notify, webauthn:extension:credBlob: true, webauthn:extension:largeBlob: true, webauthn:virtualAuthenticators: true}
Element: [[ChromeDriver: chrome on WINDOWS (4c46f20fb958fdb1d8284f0e1b525fb0)] -> xpath: //select[@id='active_location']]
Session ID: 4c46f20fb958fdb1d8284f0e1b525fb0]]>
            </message>
            <full-stacktrace>
              <![CDATA[org.openqa.selenium.ElementClickInterceptedException: element click intercepted: Element <select class="form-control" id="active_location" onchange="getDepartmentsLoc($('#active_location').val(), 'active')" style="border: solid 2px white">...</select> is not clickable at point (375, 20). Other element would receive the click: <div class="collapse navbar-collapse justify-content-between" id="bs-example-navbar-collapse-1">...</div>
  (Session info: chrome=108.0.5359.125)
Build info: version: '4.4.0', revision: 'e5c75ed026a'
System info: host: 'DESKTOP-PJJHB19', ip: '192.168.11.167', os.name: 'Windows 10', os.arch: 'amd64', os.version: '10.0', java.version: '17.0.4.1'
Driver info: org.openqa.selenium.chrome.ChromeDriver
Command: [4c46f20fb958fdb1d8284f0e1b525fb0, clickElement {id=317f4be4-c7a5-4e0e-a3ce-f7e36a542d49}]
Capabilities {acceptInsecureCerts: false, browserName: chrome, browserVersion: 108.0.5359.125, chrome: {chromedriverVersion: 108.0.5359.71 (1e0e3868ee06..., userDataDir: C:\Users\GLB-BL~1\AppData\L...}, goog:chromeOptions: {debuggerAddress: localhost:54564}, networkConnectionEnabled: false, pageLoadStrategy: normal, platformName: WINDOWS, proxy: Proxy(), se:cdp: ws://localhost:54564/devtoo..., se:cdpVersion: 108.0.5359.125, setWindowRect: true, strictFileInteractability: false, timeouts: {implicit: 0, pageLoad: 300000, script: 30000}, unhandledPromptBehavior: dismiss and notify, webauthn:extension:credBlob: true, webauthn:extension:largeBlob: true, webauthn:virtualAuthenticators: true}
Element: [[ChromeDriver: chrome on WINDOWS (4c46f20fb958fdb1d8284f0e1b525fb0)] -> xpath: //select[@id='active_location']]
Session ID: 4c46f20fb958fdb1d8284f0e1b525fb0
at java.base/jdk.internal.reflect.NativeConstructorAccessorImpl.newInstance0(Native Method)
at java.base/jdk.internal.reflect.NativeConstructorAccessorImpl.newInstance(NativeConstructorAccessorImpl.java:77)
at java.base/jdk.internal.reflect.DelegatingConstructorAccessorImpl.newInstance(DelegatingConstructorAccessorImpl.java:45)
at java.base/java.lang.reflect.Constructor.newInstanceWithCaller(Constructor.java:499)
at java.base/java.lang.reflect.Constructor.newInstance(Constructor.java:480)
at org.openqa.selenium.remote.codec.w3c.W3CHttpResponseCodec.createException(W3CHttpResponseCodec.java:200)
at org.openqa.selenium.remote.codec.w3c.W3CHttpResponseCodec.decode(W3CHttpResponseCodec.java:133)
at org.openqa.selenium.remote.codec.w3c.W3CHttpResponseCodec.decode(W3CHttpResponseCodec.java:53)
at org.openqa.selenium.remote.HttpCommandExecutor.execute(HttpCommandExecutor.java:184)
at org.openqa.selenium.remote.service.DriverCommandExecutor.invokeExecute(DriverCommandExecutor.java:167)
at org.openqa.selenium.remote.service.DriverCommandExecutor.execute(DriverCommandExecutor.java:142)
at org.openqa.selenium.remote.RemoteWebDriver.execute(RemoteWebDriver.java:547)
at org.openqa.selenium.remote.RemoteWebElement.execute(RemoteWebElement.java:257)
at org.openqa.selenium.remote.RemoteWebElement.click(RemoteWebElement.java:78)
at jdk.internal.reflect.GeneratedMethodAccessor2.invoke(Unknown Source)
at java.base/jdk.internal.reflect.DelegatingMethodAccessorImpl.invoke(DelegatingMethodAccessorImpl.java:43)
at java.base/java.lang.reflect.Method.invoke(Method.java:568)
at org.openqa.selenium.support.pagefactory.internal.LocatingElementHandler.invoke(LocatingElementHandler.java:52)
at jdk.proxy2/jdk.proxy2.$Proxy17.click(Unknown Source)
at com.emp.qa.pages.Admin.Page_1__Dashboard.Top_10_Active_Employee_13(Page_1__Dashboard.java:1901)
at com.emp.test_cases.Admin.Page_1_Dashboard_Test.Top_10_Active_Employee_Test(Page_1_Dashboard_Test.java:102)
at java.base/jdk.internal.reflect.NativeMethodAccessorImpl.invoke0(Native Method)
at java.base/jdk.internal.reflect.NativeMethodAccessorImpl.invoke(NativeMethodAccessorImpl.java:77)
at java.base/jdk.internal.reflect.DelegatingMethodAccessorImpl.invoke(DelegatingMethodAccessorImpl.java:43)
at java.base/java.lang.reflect.Method.invoke(Method.java:568)
at org.testng.internal.MethodInvocationHelper.invokeMethod(MethodInvocationHelper.java:133)
at org.testng.internal.TestInvoker.invokeMethod(TestInvoker.java:598)
at org.testng.internal.TestInvoker.invokeTestMethod(TestInvoker.java:173)
at org.testng.internal.MethodRunner.runInSequence(MethodRunner.java:46)
at org.testng.internal.TestInvoker$MethodInvocationAgent.invoke(TestInvoker.java:824)
at org.testng.internal.TestInvoker.invokeTestMethods(TestInvoker.java:146)
at org.testng.internal.TestMethodWorker.invokeTestMethods(TestMethodWorker.java:146)
at org.testng.internal.TestMethodWorker.run(TestMethodWorker.java:128)
at java.base/java.util.ArrayList.forEach(ArrayList.java:1511)
at org.testng.TestRunner.privateRun(TestRunner.java:794)
at org.testng.TestRunner.run(TestRunner.java:596)
at org.testng.SuiteRunner.runTest(SuiteRunner.java:377)
at org.testng.SuiteRunner.runSequentially(SuiteRunner.java:371)
at org.testng.SuiteRunner.privateRun(SuiteRunner.java:332)
at org.testng.SuiteRunner.run(SuiteRunner.java:276)
at org.testng.SuiteRunnerWorker.runSuite(SuiteRunnerWorker.java:53)
at org.testng.SuiteRunnerWorker.run(SuiteRunnerWorker.java:96)
at org.testng.TestNG.runSuitesSequentially(TestNG.java:1212)
at org.testng.TestNG.runSuitesLocally(TestNG.java:1134)
at org.testng.TestNG.runSuites(TestNG.java:1063)
at org.testng.TestNG.run(TestNG.java:1031)
at org.testng.remote.AbstractRemoteTestNG.run(AbstractRemoteTestNG.java:115)
at org.testng.remote.RemoteTestNG.initAndRun(RemoteTestNG.java:251)
at org.testng.remote.RemoteTestNG.main(RemoteTestNG.java:77)
]]>
            </full-stacktrace>
          </exception> <!-- org.openqa.selenium.ElementClickInterceptedException -->
          <reporter-output>
          </reporter-output>
        </test-method> <!-- Top_10_Active_Employee_Test -->
        <test-method is-config="true" signature="tearDown(org.testng.ITestResult)[pri:0, instance:com.emp.test_cases.Admin.Page_1_Dashboard_Test@5e21e98f]" started-at="2023-01-12T11:29:23 IST" name="tearDown" finished-at="2023-01-12T11:29:24 IST" duration-ms="636" status="PASS">
          <params>
            <param index="0">
              <value>
                <![CDATA[[TestResult name=Top_10_Active_Employee_Test status=FAILURE method=Page_1_Dashboard_Test.Top_10_Active_Employee_Test()[pri:12, instance:com.emp.test_cases.Admin.Page_1_Dashboard_Test@5e21e98f] output={null}]]]>
              </value>
            </param>
          </params>
          <reporter-output>
            <line>
              <![CDATA[<br><img src='C:\Users\GLB-BLR-002\Desktop\Scripts\EMPMonitor\screenshots\Top_10_Active_Employee_Test2023-01-12_11-29-23.png  'height ='250' width='250' /><br>]]>
            </line>
            <line>
              <![CDATA[<a href=\C:\Users\GLB-BLR-002\Desktop\Scripts\EMPMonitor\screenshots\Top_10_Active_Employee_Test2023-01-12_11-29-23.png><img src=C:\Users\GLB-BLR-002\Desktop\Scripts\EMPMonitor\screenshots\Top_10_Active_Employee_Test2023-01-12_11-29-23.png  height ='250'  width='250'/> </a>]]>
            </line>
          </reporter-output>
        </test-method> <!-- tearDown -->
        <test-method is-config="true" signature="initialization()[pri:0, instance:com.emp.test_cases.Admin.Page_1_Dashboard_Test@5e21e98f]" started-at="2023-01-12T11:29:24 IST" name="initialization" finished-at="2023-01-12T11:29:33 IST" duration-ms="9254" status="PASS">
          <reporter-output>
            <line>
              <![CDATA[<B><font color = 'orange'>Username .</font></B> Entered User ID]]>
            </line>
            <line>
              <![CDATA[<B><font color = 'orange'>Password .</font></B> Entered Password]]>
            </line>
            <line>
              <![CDATA[<B><font color = 'orange'>Client_check_Box .</font></B> Clicked on Client_check_Box]]>
            </line>
            <line>
              <![CDATA[<B><font color = 'orange'>Sign In Button .</font></B> Clicked on Submit Button]]>
            </line>
          </reporter-output>
        </test-method> <!-- initialization -->
        <test-method signature="Top_10_Non_Active_Employee_Test()[pri:12, instance:com.emp.test_cases.Admin.Page_1_Dashboard_Test@5e21e98f]" started-at="2023-01-12T11:29:33 IST" name="Top_10_Non_Active_Employee_Test" finished-at="2023-01-12T11:29:45 IST" duration-ms="11680" status="FAIL">
          <exception class="org.openqa.selenium.ElementClickInterceptedException">
            <message>
              <![CDATA[element click intercepted: Element <select class="form-control" id="unactive_location" onchange="getDepartmentsLoc($('#unactive_location').val(), 'unactive')" style="border: solid 2px white">...</select> is not clickable at point (888, 20). Other element would receive the click: <div class="collapse navbar-collapse justify-content-between" id="bs-example-navbar-collapse-1">...</div>
  (Session info: chrome=108.0.5359.125)
Build info: version: '4.4.0', revision: 'e5c75ed026a'
System info: host: 'DESKTOP-PJJHB19', ip: '192.168.11.167', os.name: 'Windows 10', os.arch: 'amd64', os.version: '10.0', java.version: '17.0.4.1'
Driver info: org.openqa.selenium.chrome.ChromeDriver
Command: [9598bf6a3e629961c447e629984ff270, clickElement {id=965c4db0-3f39-487d-b348-cf1fb3733871}]
Capabilities {acceptInsecureCerts: false, browserName: chrome, browserVersion: 108.0.5359.125, chrome: {chromedriverVersion: 108.0.5359.71 (1e0e3868ee06..., userDataDir: C:\Users\GLB-BL~1\AppData\L...}, goog:chromeOptions: {debuggerAddress: localhost:54672}, networkConnectionEnabled: false, pageLoadStrategy: normal, platformName: WINDOWS, proxy: Proxy(), se:cdp: ws://localhost:54672/devtoo..., se:cdpVersion: 108.0.5359.125, setWindowRect: true, strictFileInteractability: false, timeouts: {implicit: 0, pageLoad: 300000, script: 30000}, unhandledPromptBehavior: dismiss and notify, webauthn:extension:credBlob: true, webauthn:extension:largeBlob: true, webauthn:virtualAuthenticators: true}
Element: [[ChromeDriver: chrome on WINDOWS (9598bf6a3e629961c447e629984ff270)] -> xpath: //select[@id='unactive_location']]
Session ID: 9598bf6a3e629961c447e629984ff270]]>
            </message>
            <full-stacktrace>
              <![CDATA[org.openqa.selenium.ElementClickInterceptedException: element click intercepted: Element <select class="form-control" id="unactive_location" onchange="getDepartmentsLoc($('#unactive_location').val(), 'unactive')" style="border: solid 2px white">...</select> is not clickable at point (888, 20). Other element would receive the click: <div class="collapse navbar-collapse justify-content-between" id="bs-example-navbar-collapse-1">...</div>
  (Session info: chrome=108.0.5359.125)
Build info: version: '4.4.0', revision: 'e5c75ed026a'
System info: host: 'DESKTOP-PJJHB19', ip: '192.168.11.167', os.name: 'Windows 10', os.arch: 'amd64', os.version: '10.0', java.version: '17.0.4.1'
Driver info: org.openqa.selenium.chrome.ChromeDriver
Command: [9598bf6a3e629961c447e629984ff270, clickElement {id=965c4db0-3f39-487d-b348-cf1fb3733871}]
Capabilities {acceptInsecureCerts: false, browserName: chrome, browserVersion: 108.0.5359.125, chrome: {chromedriverVersion: 108.0.5359.71 (1e0e3868ee06..., userDataDir: C:\Users\GLB-BL~1\AppData\L...}, goog:chromeOptions: {debuggerAddress: localhost:54672}, networkConnectionEnabled: false, pageLoadStrategy: normal, platformName: WINDOWS, proxy: Proxy(), se:cdp: ws://localhost:54672/devtoo..., se:cdpVersion: 108.0.5359.125, setWindowRect: true, strictFileInteractability: false, timeouts: {implicit: 0, pageLoad: 300000, script: 30000}, unhandledPromptBehavior: dismiss and notify, webauthn:extension:credBlob: true, webauthn:extension:largeBlob: true, webauthn:virtualAuthenticators: true}
Element: [[ChromeDriver: chrome on WINDOWS (9598bf6a3e629961c447e629984ff270)] -> xpath: //select[@id='unactive_location']]
Session ID: 9598bf6a3e629961c447e629984ff270
at java.base/jdk.internal.reflect.NativeConstructorAccessorImpl.newInstance0(Native Method)
at java.base/jdk.internal.reflect.NativeConstructorAccessorImpl.newInstance(NativeConstructorAccessorImpl.java:77)
at java.base/jdk.internal.reflect.DelegatingConstructorAccessorImpl.newInstance(DelegatingConstructorAccessorImpl.java:45)
at java.base/java.lang.reflect.Constructor.newInstanceWithCaller(Constructor.java:499)
at java.base/java.lang.reflect.Constructor.newInstance(Constructor.java:480)
at org.openqa.selenium.remote.codec.w3c.W3CHttpResponseCodec.createException(W3CHttpResponseCodec.java:200)
at org.openqa.selenium.remote.codec.w3c.W3CHttpResponseCodec.decode(W3CHttpResponseCodec.java:133)
at org.openqa.selenium.remote.codec.w3c.W3CHttpResponseCodec.decode(W3CHttpResponseCodec.java:53)
at org.openqa.selenium.remote.HttpCommandExecutor.execute(HttpCommandExecutor.java:184)
at org.openqa.selenium.remote.service.DriverCommandExecutor.invokeExecute(DriverCommandExecutor.java:167)
at org.openqa.selenium.remote.service.DriverCommandExecutor.execute(DriverCommandExecutor.java:142)
at org.openqa.selenium.remote.RemoteWebDriver.execute(RemoteWebDriver.java:547)
at org.openqa.selenium.remote.RemoteWebElement.execute(RemoteWebElement.java:257)
at org.openqa.selenium.remote.RemoteWebElement.click(RemoteWebElement.java:78)
at jdk.internal.reflect.GeneratedMethodAccessor2.invoke(Unknown Source)
at java.base/jdk.internal.reflect.DelegatingMethodAccessorImpl.invoke(DelegatingMethodAccessorImpl.java:43)
at java.base/java.lang.reflect.Method.invoke(Method.java:568)
at org.openqa.selenium.support.pagefactory.internal.LocatingElementHandler.invoke(LocatingElementHandler.java:52)
at jdk.proxy2/jdk.proxy2.$Proxy17.click(Unknown Source)
at com.emp.qa.pages.Admin.Page_1__Dashboard.Top_10_Non__Active_Employee_14(Page_1__Dashboard.java:2026)
at com.emp.test_cases.Admin.Page_1_Dashboard_Test.Top_10_Non_Active_Employee_Test(Page_1_Dashboard_Test.java:112)
at java.base/jdk.internal.reflect.NativeMethodAccessorImpl.invoke0(Native Method)
at java.base/jdk.internal.reflect.NativeMethodAccessorImpl.invoke(NativeMethodAccessorImpl.java:77)
at java.base/jdk.internal.reflect.DelegatingMethodAccessorImpl.invoke(DelegatingMethodAccessorImpl.java:43)
at java.base/java.lang.reflect.Method.invoke(Method.java:568)
at org.testng.internal.MethodInvocationHelper.invokeMethod(MethodInvocationHelper.java:133)
at org.testng.internal.TestInvoker.invokeMethod(TestInvoker.java:598)
at org.testng.internal.TestInvoker.invokeTestMethod(TestInvoker.java:173)
at org.testng.internal.MethodRunner.runInSequence(MethodRunner.java:46)
at org.testng.internal.TestInvoker$MethodInvocationAgent.invoke(TestInvoker.java:824)
at org.testng.internal.TestInvoker.invokeTestMethods(TestInvoker.java:146)
at org.testng.internal.TestMethodWorker.invokeTestMethods(TestMethodWorker.java:146)
at org.testng.internal.TestMethodWorker.run(TestMethodWorker.java:128)
at java.base/java.util.ArrayList.forEach(ArrayList.java:1511)
at org.testng.TestRunner.privateRun(TestRunner.java:794)
at org.testng.TestRunner.run(TestRunner.java:596)
at org.testng.SuiteRunner.runTest(SuiteRunner.java:377)
at org.testng.SuiteRunner.runSequentially(SuiteRunner.java:371)
at org.testng.SuiteRunner.privateRun(SuiteRunner.java:332)
at org.testng.SuiteRunner.run(SuiteRunner.java:276)
at org.testng.SuiteRunnerWorker.runSuite(SuiteRunnerWorker.java:53)
at org.testng.SuiteRunnerWorker.run(SuiteRunnerWorker.java:96)
at org.testng.TestNG.runSuitesSequentially(TestNG.java:1212)
at org.testng.TestNG.runSuitesLocally(TestNG.java:1134)
at org.testng.TestNG.runSuites(TestNG.java:1063)
at org.testng.TestNG.run(TestNG.java:1031)
at org.testng.remote.AbstractRemoteTestNG.run(AbstractRemoteTestNG.java:115)
at org.testng.remote.RemoteTestNG.initAndRun(RemoteTestNG.java:251)
at org.testng.remote.RemoteTestNG.main(RemoteTestNG.java:77)
]]>
            </full-stacktrace>
          </exception> <!-- org.openqa.selenium.ElementClickInterceptedException -->
          <reporter-output>
          </reporter-output>
        </test-method> <!-- Top_10_Non_Active_Employee_Test -->
        <test-method is-config="true" signature="tearDown(org.testng.ITestResult)[pri:0, instance:com.emp.test_cases.Admin.Page_1_Dashboard_Test@5e21e98f]" started-at="2023-01-12T11:29:45 IST" name="tearDown" finished-at="2023-01-12T11:29:45 IST" duration-ms="750" status="PASS">
          <params>
            <param index="0">
              <value>
                <![CDATA[[TestResult name=Top_10_Non_Active_Employee_Test status=FAILURE method=Page_1_Dashboard_Test.Top_10_Non_Active_Employee_Test()[pri:12, instance:com.emp.test_cases.Admin.Page_1_Dashboard_Test@5e21e98f] output={null}]]]>
              </value>
            </param>
          </params>
          <reporter-output>
            <line>
              <![CDATA[<br><img src='C:\Users\GLB-BLR-002\Desktop\Scripts\EMPMonitor\screenshots\Top_10_Non_Active_Employee_Test2023-01-12_11-29-45.png  'height ='250' width='250' /><br>]]>
            </line>
            <line>
              <![CDATA[<a href=\C:\Users\GLB-BLR-002\Desktop\Scripts\EMPMonitor\screenshots\Top_10_Non_Active_Employee_Test2023-01-12_11-29-45.png><img src=C:\Users\GLB-BLR-002\Desktop\Scripts\EMPMonitor\screenshots\Top_10_Non_Active_Employee_Test2023-01-12_11-29-45.png  height ='250'  width='250'/> </a>]]>
            </line>
          </reporter-output>
        </test-method> <!-- tearDown -->
      </class> <!-- com.emp.test_cases.Admin.Page_1_Dashboard_Test -->
    </test> <!-- Default test -->
  </suite> <!-- Default suite -->
</testng-results>
